CRITICAL - 2020-09-25 03:13:43 --> syntax error, unexpected 'echo' (T_ECHO)
#0 /var/www/html/wwo/system/Router/Router.php(195): CodeIgniter\Router\Router->autoRoute('administator/us...')
#1 /var/www/html/wwo/system/CodeIgniter.php(793): CodeIgniter\Router\Router->handle('administator/us...')
#2 /var/www/html/wwo/system/CodeIgniter.php(364): CodeIgniter\CodeIgniter->tryToRouteIt(Object(CodeIgniter\Router\RouteCollection))
#3 /var/www/html/wwo/system/CodeIgniter.php(312): CodeIgniter\CodeIgniter->handleRequest(NULL, Object(Config\Cache), false)
#4 /var/www/html/wwo/public/index.php(45): CodeIgniter\CodeIgniter->run()
#5 {main}
CRITICAL - 2020-09-25 03:13:51 --> syntax error, unexpected 'echo' (T_ECHO)
#0 /var/www/html/wwo/system/Router/Router.php(195): CodeIgniter\Router\Router->autoRoute('administator/us...')
#1 /var/www/html/wwo/system/CodeIgniter.php(793): CodeIgniter\Router\Router->handle('administator/us...')
#2 /var/www/html/wwo/system/CodeIgniter.php(364): CodeIgniter\CodeIgniter->tryToRouteIt(Object(CodeIgniter\Router\RouteCollection))
#3 /var/www/html/wwo/system/CodeIgniter.php(312): CodeIgniter\CodeIgniter->handleRequest(NULL, Object(Config\Cache), false)
#4 /var/www/html/wwo/public/index.php(45): CodeIgniter\CodeIgniter->run()
#5 {main}
CRITICAL - 2020-09-25 03:17:20 --> Undefined property: CodeIgniter\View\View::$load
#0 /var/www/html/wwo/app/Views/admin/user/add_user.php(24): CodeIgniter\Debug\Exceptions->errorHandler(8, 'Undefined prope...', '/var/www/html/w...', 24, Array)
#1 /var/www/html/wwo/system/View/View.php(246): include('/var/www/html/w...')
#2 /var/www/html/wwo/system/Common.php(1119): CodeIgniter\View\View->render('admin/user/add_...', Array, true)
#3 /var/www/html/wwo/app/Views/template_admin.php(10): view('admin/user/add_...')
#4 /var/www/html/wwo/system/View/View.php(246): include('/var/www/html/w...')
#5 /var/www/html/wwo/system/Common.php(1119): CodeIgniter\View\View->render('template_admin', Array, true)
#6 /var/www/html/wwo/app/Controllers/Administator.php(31): view('template_admin', Array)
#7 /var/www/html/wwo/system/CodeIgniter.php(918): App\Controllers\Administator->addUser()
#8 /var/www/html/wwo/system/CodeIgniter.php(404): CodeIgniter\CodeIgniter->runController(Object(App\Controllers\Administator))
#9 /var/www/html/wwo/system/CodeIgniter.php(312): CodeIgniter\CodeIgniter->handleRequest(NULL, Object(Config\Cache), false)
#10 /var/www/html/wwo/public/index.php(45): CodeIgniter\CodeIgniter->run()
#11 {main}
CRITICAL - 2020-09-25 03:17:34 --> Undefined property: CodeIgniter\View\View::$load
#0 /var/www/html/wwo/app/Views/admin/user/add_user.php(24): CodeIgniter\Debug\Exceptions->errorHandler(8, 'Undefined prope...', '/var/www/html/w...', 24, Array)
#1 /var/www/html/wwo/system/View/View.php(246): include('/var/www/html/w...')
#2 /var/www/html/wwo/system/Common.php(1119): CodeIgniter\View\View->render('admin/user/add_...', Array, true)
#3 /var/www/html/wwo/app/Views/template_admin.php(10): view('admin/user/add_...')
#4 /var/www/html/wwo/system/View/View.php(246): include('/var/www/html/w...')
#5 /var/www/html/wwo/system/Common.php(1119): CodeIgniter\View\View->render('template_admin', Array, true)
#6 /var/www/html/wwo/app/Controllers/Administator.php(31): view('template_admin', Array)
#7 /var/www/html/wwo/system/CodeIgniter.php(918): App\Controllers\Administator->addUser()
#8 /var/www/html/wwo/system/CodeIgniter.php(404): CodeIgniter\CodeIgniter->runController(Object(App\Controllers\Administator))
#9 /var/www/html/wwo/system/CodeIgniter.php(312): CodeIgniter\CodeIgniter->handleRequest(NULL, Object(Config\Cache), false)
#10 /var/www/html/wwo/public/index.php(45): CodeIgniter\CodeIgniter->run()
#11 {main}
CRITICAL - 2020-09-25 03:17:55 --> Undefined property: CodeIgniter\View\View::$load
#0 /var/www/html/wwo/app/Views/admin/user/add_user.php(24): CodeIgniter\Debug\Exceptions->errorHandler(8, 'Undefined prope...', '/var/www/html/w...', 24, Array)
#1 /var/www/html/wwo/system/View/View.php(246): include('/var/www/html/w...')
#2 /var/www/html/wwo/system/Common.php(1119): CodeIgniter\View\View->render('admin/user/add_...', Array, true)
#3 /var/www/html/wwo/app/Views/template_admin.php(10): view('admin/user/add_...')
#4 /var/www/html/wwo/system/View/View.php(246): include('/var/www/html/w...')
#5 /var/www/html/wwo/system/Common.php(1119): CodeIgniter\View\View->render('template_admin', Array, true)
#6 /var/www/html/wwo/app/Controllers/Administator.php(31): view('template_admin', Array)
#7 /var/www/html/wwo/system/CodeIgniter.php(918): App\Controllers\Administator->addUser()
#8 /var/www/html/wwo/system/CodeIgniter.php(404): CodeIgniter\CodeIgniter->runController(Object(App\Controllers\Administator))
#9 /var/www/html/wwo/system/CodeIgniter.php(312): CodeIgniter\CodeIgniter->handleRequest(NULL, Object(Config\Cache), false)
#10 /var/www/html/wwo/public/index.php(45): CodeIgniter\CodeIgniter->run()
#11 {main}
CRITICAL - 2020-09-25 03:17:58 --> Undefined property: CodeIgniter\View\View::$load
#0 /var/www/html/wwo/app/Views/admin/user/add_user.php(24): CodeIgniter\Debug\Exceptions->errorHandler(8, 'Undefined prope...', '/var/www/html/w...', 24, Array)
#1 /var/www/html/wwo/system/View/View.php(246): include('/var/www/html/w...')
#2 /var/www/html/wwo/system/Common.php(1119): CodeIgniter\View\View->render('admin/user/add_...', Array, true)
#3 /var/www/html/wwo/app/Views/template_admin.php(10): view('admin/user/add_...')
#4 /var/www/html/wwo/system/View/View.php(246): include('/var/www/html/w...')
#5 /var/www/html/wwo/system/Common.php(1119): CodeIgniter\View\View->render('template_admin', Array, true)
#6 /var/www/html/wwo/app/Controllers/Administator.php(31): view('template_admin', Array)
#7 /var/www/html/wwo/system/CodeIgniter.php(918): App\Controllers\Administator->addUser()
#8 /var/www/html/wwo/system/CodeIgniter.php(404): CodeIgniter\CodeIgniter->runController(Object(App\Controllers\Administator))
#9 /var/www/html/wwo/system/CodeIgniter.php(312): CodeIgniter\CodeIgniter->handleRequest(NULL, Object(Config\Cache), false)
#10 /var/www/html/wwo/public/index.php(45): CodeIgniter\CodeIgniter->run()
#11 {main}
CRITICAL - 2020-09-25 03:19:16 --> Undefined property: CodeIgniter\View\View::$load
#0 /var/www/html/wwo/app/Views/admin/user/add_user.php(24): CodeIgniter\Debug\Exceptions->errorHandler(8, 'Undefined prope...', '/var/www/html/w...', 24, Array)
#1 /var/www/html/wwo/system/View/View.php(246): include('/var/www/html/w...')
#2 /var/www/html/wwo/system/Common.php(1119): CodeIgniter\View\View->render('admin/user/add_...', Array, true)
#3 /var/www/html/wwo/app/Views/template_admin.php(10): view('admin/user/add_...')
#4 /var/www/html/wwo/system/View/View.php(246): include('/var/www/html/w...')
#5 /var/www/html/wwo/system/Common.php(1119): CodeIgniter\View\View->render('template_admin', Array, true)
#6 /var/www/html/wwo/app/Controllers/Administator.php(31): view('template_admin', Array)
#7 /var/www/html/wwo/system/CodeIgniter.php(918): App\Controllers\Administator->addUser()
#8 /var/www/html/wwo/system/CodeIgniter.php(404): CodeIgniter\CodeIgniter->runController(Object(App\Controllers\Administator))
#9 /var/www/html/wwo/system/CodeIgniter.php(312): CodeIgniter\CodeIgniter->handleRequest(NULL, Object(Config\Cache), false)
#10 /var/www/html/wwo/public/index.php(45): CodeIgniter\CodeIgniter->run()
#11 {main}
CRITICAL - 2020-09-25 03:19:19 --> Undefined property: CodeIgniter\View\View::$load
#0 /var/www/html/wwo/app/Views/admin/user/add_user.php(24): CodeIgniter\Debug\Exceptions->errorHandler(8, 'Undefined prope...', '/var/www/html/w...', 24, Array)
#1 /var/www/html/wwo/system/View/View.php(246): include('/var/www/html/w...')
#2 /var/www/html/wwo/system/Common.php(1119): CodeIgniter\View\View->render('admin/user/add_...', Array, true)
#3 /var/www/html/wwo/app/Views/template_admin.php(10): view('admin/user/add_...')
#4 /var/www/html/wwo/system/View/View.php(246): include('/var/www/html/w...')
#5 /var/www/html/wwo/system/Common.php(1119): CodeIgniter\View\View->render('template_admin', Array, true)
#6 /var/www/html/wwo/app/Controllers/Administator.php(31): view('template_admin', Array)
#7 /var/www/html/wwo/system/CodeIgniter.php(918): App\Controllers\Administator->addUser()
#8 /var/www/html/wwo/system/CodeIgniter.php(404): CodeIgniter\CodeIgniter->runController(Object(App\Controllers\Administator))
#9 /var/www/html/wwo/system/CodeIgniter.php(312): CodeIgniter\CodeIgniter->handleRequest(NULL, Object(Config\Cache), false)
#10 /var/www/html/wwo/public/index.php(45): CodeIgniter\CodeIgniter->run()
#11 {main}
CRITICAL - 2020-09-25 03:19:39 --> Call to undefined function form_open_multipart()
#0 /var/www/html/wwo/system/View/View.php(246): include()
#1 /var/www/html/wwo/system/Common.php(1119): CodeIgniter\View\View->render('admin/user/add_...', Array, true)
#2 /var/www/html/wwo/app/Views/template_admin.php(10): view('admin/user/add_...')
#3 /var/www/html/wwo/system/View/View.php(246): include('/var/www/html/w...')
#4 /var/www/html/wwo/system/Common.php(1119): CodeIgniter\View\View->render('template_admin', Array, true)
#5 /var/www/html/wwo/app/Controllers/Administator.php(31): view('template_admin', Array)
#6 /var/www/html/wwo/system/CodeIgniter.php(918): App\Controllers\Administator->addUser()
#7 /var/www/html/wwo/system/CodeIgniter.php(404): CodeIgniter\CodeIgniter->runController(Object(App\Controllers\Administator))
#8 /var/www/html/wwo/system/CodeIgniter.php(312): CodeIgniter\CodeIgniter->handleRequest(NULL, Object(Config\Cache), false)
#9 /var/www/html/wwo/public/index.php(45): CodeIgniter\CodeIgniter->run()
#10 {main}
CRITICAL - 2020-09-25 03:20:30 --> Call to undefined function form_error()
#0 /var/www/html/wwo/system/View/View.php(246): include()
#1 /var/www/html/wwo/system/Common.php(1119): CodeIgniter\View\View->render('admin/user/add_...', Array, true)
#2 /var/www/html/wwo/app/Views/template_admin.php(10): view('admin/user/add_...')
#3 /var/www/html/wwo/system/View/View.php(246): include('/var/www/html/w...')
#4 /var/www/html/wwo/system/Common.php(1119): CodeIgniter\View\View->render('template_admin', Array, true)
#5 /var/www/html/wwo/app/Controllers/Administator.php(31): view('template_admin', Array)
#6 /var/www/html/wwo/system/CodeIgniter.php(918): App\Controllers\Administator->addUser()
#7 /var/www/html/wwo/system/CodeIgniter.php(404): CodeIgniter\CodeIgniter->runController(Object(App\Controllers\Administator))
#8 /var/www/html/wwo/system/CodeIgniter.php(312): CodeIgniter\CodeIgniter->handleRequest(NULL, Object(Config\Cache), false)
#9 /var/www/html/wwo/public/index.php(45): CodeIgniter\CodeIgniter->run()
#10 {main}
CRITICAL - 2020-09-25 03:22:27 --> Call to undefined function set_value()
#0 /var/www/html/wwo/system/View/View.php(246): include()
#1 /var/www/html/wwo/system/Common.php(1119): CodeIgniter\View\View->render('admin/user/add_...', Array, true)
#2 /var/www/html/wwo/app/Views/template_admin.php(10): view('admin/user/add_...')
#3 /var/www/html/wwo/system/View/View.php(246): include('/var/www/html/w...')
#4 /var/www/html/wwo/system/Common.php(1119): CodeIgniter\View\View->render('template_admin', Array, true)
#5 /var/www/html/wwo/app/Controllers/Administator.php(31): view('template_admin', Array)
#6 /var/www/html/wwo/system/CodeIgniter.php(918): App\Controllers\Administator->addUser()
#7 /var/www/html/wwo/system/CodeIgniter.php(404): CodeIgniter\CodeIgniter->runController(Object(App\Controllers\Administator))
#8 /var/www/html/wwo/system/CodeIgniter.php(312): CodeIgniter\CodeIgniter->handleRequest(NULL, Object(Config\Cache), false)
#9 /var/www/html/wwo/public/index.php(45): CodeIgniter\CodeIgniter->run()
#10 {main}
CRITICAL - 2020-09-25 03:24:25 --> Call to undefined function form_error()
#0 /var/www/html/wwo/system/View/View.php(246): include()
#1 /var/www/html/wwo/system/Common.php(1119): CodeIgniter\View\View->render('admin/user/add_...', Array, true)
#2 /var/www/html/wwo/app/Views/template_admin.php(10): view('admin/user/add_...')
#3 /var/www/html/wwo/system/View/View.php(246): include('/var/www/html/w...')
#4 /var/www/html/wwo/system/Common.php(1119): CodeIgniter\View\View->render('template_admin', Array, true)
#5 /var/www/html/wwo/app/Controllers/Administator.php(31): view('template_admin', Array)
#6 /var/www/html/wwo/system/CodeIgniter.php(918): App\Controllers\Administator->addUser()
#7 /var/www/html/wwo/system/CodeIgniter.php(404): CodeIgniter\CodeIgniter->runController(Object(App\Controllers\Administator))
#8 /var/www/html/wwo/system/CodeIgniter.php(312): CodeIgniter\CodeIgniter->handleRequest(NULL, Object(Config\Cache), false)
#9 /var/www/html/wwo/public/index.php(45): CodeIgniter\CodeIgniter->run()
#10 {main}
CRITICAL - 2020-09-25 03:24:26 --> Call to undefined function form_error()
#0 /var/www/html/wwo/system/View/View.php(246): include()
#1 /var/www/html/wwo/system/Common.php(1119): CodeIgniter\View\View->render('admin/user/add_...', Array, true)
#2 /var/www/html/wwo/app/Views/template_admin.php(10): view('admin/user/add_...')
#3 /var/www/html/wwo/system/View/View.php(246): include('/var/www/html/w...')
#4 /var/www/html/wwo/system/Common.php(1119): CodeIgniter\View\View->render('template_admin', Array, true)
#5 /var/www/html/wwo/app/Controllers/Administator.php(31): view('template_admin', Array)
#6 /var/www/html/wwo/system/CodeIgniter.php(918): App\Controllers\Administator->addUser()
#7 /var/www/html/wwo/system/CodeIgniter.php(404): CodeIgniter\CodeIgniter->runController(Object(App\Controllers\Administator))
#8 /var/www/html/wwo/system/CodeIgniter.php(312): CodeIgniter\CodeIgniter->handleRequest(NULL, Object(Config\Cache), false)
#9 /var/www/html/wwo/public/index.php(45): CodeIgniter\CodeIgniter->run()
#10 {main}
CRITICAL - 2020-09-25 03:24:42 --> Call to undefined function form_error()
#0 /var/www/html/wwo/system/View/View.php(246): include()
#1 /var/www/html/wwo/system/Common.php(1119): CodeIgniter\View\View->render('admin/user/add_...', Array, true)
#2 /var/www/html/wwo/app/Views/template_admin.php(10): view('admin/user/add_...')
#3 /var/www/html/wwo/system/View/View.php(246): include('/var/www/html/w...')
#4 /var/www/html/wwo/system/Common.php(1119): CodeIgniter\View\View->render('template_admin', Array, true)
#5 /var/www/html/wwo/app/Controllers/Administator.php(31): view('template_admin', Array)
#6 /var/www/html/wwo/system/CodeIgniter.php(918): App\Controllers\Administator->addUser()
#7 /var/www/html/wwo/system/CodeIgniter.php(404): CodeIgniter\CodeIgniter->runController(Object(App\Controllers\Administator))
#8 /var/www/html/wwo/system/CodeIgniter.php(312): CodeIgniter\CodeIgniter->handleRequest(NULL, Object(Config\Cache), false)
#9 /var/www/html/wwo/public/index.php(45): CodeIgniter\CodeIgniter->run()
#10 {main}
CRITICAL - 2020-09-25 03:24:43 --> Call to undefined function form_error()
#0 /var/www/html/wwo/system/View/View.php(246): include()
#1 /var/www/html/wwo/system/Common.php(1119): CodeIgniter\View\View->render('admin/user/add_...', Array, true)
#2 /var/www/html/wwo/app/Views/template_admin.php(10): view('admin/user/add_...')
#3 /var/www/html/wwo/system/View/View.php(246): include('/var/www/html/w...')
#4 /var/www/html/wwo/system/Common.php(1119): CodeIgniter\View\View->render('template_admin', Array, true)
#5 /var/www/html/wwo/app/Controllers/Administator.php(31): view('template_admin', Array)
#6 /var/www/html/wwo/system/CodeIgniter.php(918): App\Controllers\Administator->addUser()
#7 /var/www/html/wwo/system/CodeIgniter.php(404): CodeIgniter\CodeIgniter->runController(Object(App\Controllers\Administator))
#8 /var/www/html/wwo/system/CodeIgniter.php(312): CodeIgniter\CodeIgniter->handleRequest(NULL, Object(Config\Cache), false)
#9 /var/www/html/wwo/public/index.php(45): CodeIgniter\CodeIgniter->run()
#10 {main}
CRITICAL - 2020-09-25 03:24:57 --> Call to undefined function form_error()
#0 /var/www/html/wwo/system/View/View.php(246): include()
#1 /var/www/html/wwo/system/Common.php(1119): CodeIgniter\View\View->render('admin/user/add_...', Array, true)
#2 /var/www/html/wwo/app/Views/template_admin.php(10): view('admin/user/add_...')
#3 /var/www/html/wwo/system/View/View.php(246): include('/var/www/html/w...')
#4 /var/www/html/wwo/system/Common.php(1119): CodeIgniter\View\View->render('template_admin', Array, true)
#5 /var/www/html/wwo/app/Controllers/Administator.php(31): view('template_admin', Array)
#6 /var/www/html/wwo/system/CodeIgniter.php(918): App\Controllers\Administator->addUser()
#7 /var/www/html/wwo/system/CodeIgniter.php(404): CodeIgniter\CodeIgniter->runController(Object(App\Controllers\Administator))
#8 /var/www/html/wwo/system/CodeIgniter.php(312): CodeIgniter\CodeIgniter->handleRequest(NULL, Object(Config\Cache), false)
#9 /var/www/html/wwo/public/index.php(45): CodeIgniter\CodeIgniter->run()
#10 {main}
CRITICAL - 2020-09-25 03:25:12 --> Call to undefined function form_error()
#0 /var/www/html/wwo/system/View/View.php(246): include()
#1 /var/www/html/wwo/system/Common.php(1119): CodeIgniter\View\View->render('admin/user/add_...', Array, true)
#2 /var/www/html/wwo/app/Views/template_admin.php(10): view('admin/user/add_...')
#3 /var/www/html/wwo/system/View/View.php(246): include('/var/www/html/w...')
#4 /var/www/html/wwo/system/Common.php(1119): CodeIgniter\View\View->render('template_admin', Array, true)
#5 /var/www/html/wwo/app/Controllers/Administator.php(31): view('template_admin', Array)
#6 /var/www/html/wwo/system/CodeIgniter.php(918): App\Controllers\Administator->addUser()
#7 /var/www/html/wwo/system/CodeIgniter.php(404): CodeIgniter\CodeIgniter->runController(Object(App\Controllers\Administator))
#8 /var/www/html/wwo/system/CodeIgniter.php(312): CodeIgniter\CodeIgniter->handleRequest(NULL, Object(Config\Cache), false)
#9 /var/www/html/wwo/public/index.php(45): CodeIgniter\CodeIgniter->run()
#10 {main}
