CRITICAL - 2020-10-26 19:59:21 --> fopen(/var/www/html/wwo/writable/session/ci_session1ck5uilsq63bkhgj9uh1cjd4m16khjih): failed to open stream: Permission denied
#0 [internal function]: CodeIgniter\Debug\Exceptions->errorHandler(2, 'fopen(/var/www/...', '/var/www/html/w...', 174, Array)
#1 /var/www/html/wwo/system/Session/Handlers/FileHandler.php(174): fopen('/var/www/html/w...', 'c+b')
#2 [internal function]: CodeIgniter\Session\Handlers\FileHandler->read('1ck5uilsq63bkhg...')
#3 /var/www/html/wwo/system/Session/Session.php(1005): session_start()
#4 /var/www/html/wwo/system/Session/Session.php(240): CodeIgniter\Session\Session->startSession()
#5 /var/www/html/wwo/system/Config/Services.php(788): CodeIgniter\Session\Session->start()
#6 /var/www/html/wwo/system/Config/BaseService.php(123): CodeIgniter\Config\Services::session(Object(Config\App), false)
#7 /var/www/html/wwo/system/Config/Services.php(769): CodeIgniter\Config\BaseService::getSharedInstance('session', NULL)
#8 /var/www/html/wwo/system/Common.php(926): CodeIgniter\Config\Services::session()
#9 /var/www/html/wwo/app/Controllers/BaseController.php(38): session()
#10 /var/www/html/wwo/system/CodeIgniter.php(891): App\Controllers\BaseController->initController(Object(CodeIgniter\HTTP\IncomingRequest), Object(CodeIgniter\HTTP\Response), Object(CodeIgniter\Log\Logger))
#11 /var/www/html/wwo/system/CodeIgniter.php(399): CodeIgniter\CodeIgniter->createController()
#12 /var/www/html/wwo/system/CodeIgniter.php(312): CodeIgniter\CodeIgniter->handleRequest(NULL, Object(Config\Cache), false)
#13 /var/www/html/wwo/public/index.php(45): CodeIgniter\CodeIgniter->run()
#14 /var/www/html/wwo/system/Commands/Server/rewrite.php(34): require_once('/var/www/html/w...')
#15 {main}
CRITICAL - 2020-10-26 19:59:25 --> fopen(/var/www/html/wwo/writable/session/ci_session1ck5uilsq63bkhgj9uh1cjd4m16khjih): failed to open stream: Permission denied
#0 [internal function]: CodeIgniter\Debug\Exceptions->errorHandler(2, 'fopen(/var/www/...', '/var/www/html/w...', 174, Array)
#1 /var/www/html/wwo/system/Session/Handlers/FileHandler.php(174): fopen('/var/www/html/w...', 'c+b')
#2 [internal function]: CodeIgniter\Session\Handlers\FileHandler->read('1ck5uilsq63bkhg...')
#3 /var/www/html/wwo/system/Session/Session.php(1005): session_start()
#4 /var/www/html/wwo/system/Session/Session.php(240): CodeIgniter\Session\Session->startSession()
#5 /var/www/html/wwo/system/Config/Services.php(788): CodeIgniter\Session\Session->start()
#6 /var/www/html/wwo/system/Config/BaseService.php(123): CodeIgniter\Config\Services::session(Object(Config\App), false)
#7 /var/www/html/wwo/system/Config/Services.php(769): CodeIgniter\Config\BaseService::getSharedInstance('session', NULL)
#8 /var/www/html/wwo/system/Common.php(926): CodeIgniter\Config\Services::session()
#9 /var/www/html/wwo/app/Controllers/BaseController.php(38): session()
#10 /var/www/html/wwo/system/CodeIgniter.php(891): App\Controllers\BaseController->initController(Object(CodeIgniter\HTTP\IncomingRequest), Object(CodeIgniter\HTTP\Response), Object(CodeIgniter\Log\Logger))
#11 /var/www/html/wwo/system/CodeIgniter.php(399): CodeIgniter\CodeIgniter->createController()
#12 /var/www/html/wwo/system/CodeIgniter.php(312): CodeIgniter\CodeIgniter->handleRequest(NULL, Object(Config\Cache), false)
#13 /var/www/html/wwo/public/index.php(45): CodeIgniter\CodeIgniter->run()
#14 /var/www/html/wwo/system/Commands/Server/rewrite.php(34): require_once('/var/www/html/w...')
#15 {main}
CRITICAL - 2020-10-26 19:59:54 --> fopen(/var/www/html/wwo/writable/session/ci_session1ck5uilsq63bkhgj9uh1cjd4m16khjih): failed to open stream: Permission denied
#0 [internal function]: CodeIgniter\Debug\Exceptions->errorHandler(2, 'fopen(/var/www/...', '/var/www/html/w...', 174, Array)
#1 /var/www/html/wwo/system/Session/Handlers/FileHandler.php(174): fopen('/var/www/html/w...', 'c+b')
#2 [internal function]: CodeIgniter\Session\Handlers\FileHandler->read('1ck5uilsq63bkhg...')
#3 /var/www/html/wwo/system/Session/Session.php(1005): session_start()
#4 /var/www/html/wwo/system/Session/Session.php(240): CodeIgniter\Session\Session->startSession()
#5 /var/www/html/wwo/system/Config/Services.php(788): CodeIgniter\Session\Session->start()
#6 /var/www/html/wwo/system/Config/BaseService.php(123): CodeIgniter\Config\Services::session(Object(Config\App), false)
#7 /var/www/html/wwo/system/Config/Services.php(769): CodeIgniter\Config\BaseService::getSharedInstance('session', NULL)
#8 /var/www/html/wwo/system/Common.php(926): CodeIgniter\Config\Services::session()
#9 /var/www/html/wwo/app/Controllers/BaseController.php(38): session()
#10 /var/www/html/wwo/system/CodeIgniter.php(891): App\Controllers\BaseController->initController(Object(CodeIgniter\HTTP\IncomingRequest), Object(CodeIgniter\HTTP\Response), Object(CodeIgniter\Log\Logger))
#11 /var/www/html/wwo/system/CodeIgniter.php(399): CodeIgniter\CodeIgniter->createController()
#12 /var/www/html/wwo/system/CodeIgniter.php(312): CodeIgniter\CodeIgniter->handleRequest(NULL, Object(Config\Cache), false)
#13 /var/www/html/wwo/public/index.php(45): CodeIgniter\CodeIgniter->run()
#14 /var/www/html/wwo/system/Commands/Server/rewrite.php(34): require_once('/var/www/html/w...')
#15 {main}
