CRITICAL - 2020-10-05 02:41:06 --> Too few arguments to function CodeIgniter\Model::save(), 0 passed in /var/www/html/wwo/app/Controllers/Administator.php on line 55 and exactly 1 expected
#0 /var/www/html/wwo/app/Controllers/Administator.php(55): CodeIgniter\Model->save()
#1 /var/www/html/wwo/system/CodeIgniter.php(918): App\Controllers\Administator->saveUser()
#2 /var/www/html/wwo/system/CodeIgniter.php(404): CodeIgniter\CodeIgniter->runController(Object(App\Controllers\Administator))
#3 /var/www/html/wwo/system/CodeIgniter.php(312): CodeIgniter\CodeIgniter->handleRequest(NULL, Object(Config\Cache), false)
#4 /var/www/html/wwo/public/index.php(45): CodeIgniter\CodeIgniter->run()
#5 /var/www/html/wwo/system/Commands/Server/rewrite.php(34): require_once('/var/www/html/w...')
#6 {main}
CRITICAL - 2020-10-05 02:41:25 --> Too few arguments to function CodeIgniter\Model::save(), 0 passed in /var/www/html/wwo/app/Controllers/Administator.php on line 55 and exactly 1 expected
#0 /var/www/html/wwo/app/Controllers/Administator.php(55): CodeIgniter\Model->save()
#1 /var/www/html/wwo/system/CodeIgniter.php(918): App\Controllers\Administator->saveUser()
#2 /var/www/html/wwo/system/CodeIgniter.php(404): CodeIgniter\CodeIgniter->runController(Object(App\Controllers\Administator))
#3 /var/www/html/wwo/system/CodeIgniter.php(312): CodeIgniter\CodeIgniter->handleRequest(NULL, Object(Config\Cache), false)
#4 /var/www/html/wwo/public/index.php(45): CodeIgniter\CodeIgniter->run()
#5 /var/www/html/wwo/system/Commands/Server/rewrite.php(34): require_once('/var/www/html/w...')
#6 {main}
CRITICAL - 2020-10-05 02:45:45 --> Too few arguments to function CodeIgniter\Model::save(), 0 passed in /var/www/html/wwo/app/Controllers/Administator.php on line 55 and exactly 1 expected
#0 /var/www/html/wwo/app/Controllers/Administator.php(55): CodeIgniter\Model->save()
#1 /var/www/html/wwo/system/CodeIgniter.php(918): App\Controllers\Administator->saveUser()
#2 /var/www/html/wwo/system/CodeIgniter.php(404): CodeIgniter\CodeIgniter->runController(Object(App\Controllers\Administator))
#3 /var/www/html/wwo/system/CodeIgniter.php(312): CodeIgniter\CodeIgniter->handleRequest(NULL, Object(Config\Cache), false)
#4 /var/www/html/wwo/public/index.php(45): CodeIgniter\CodeIgniter->run()
#5 /var/www/html/wwo/system/Commands/Server/rewrite.php(34): require_once('/var/www/html/w...')
#6 {main}
CRITICAL - 2020-10-05 02:46:05 --> Duplicate entry '0' for key 'PRIMARY'
#0 /var/www/html/wwo/system/Database/MySQLi/Connection.php(331): mysqli->query('INSERT INTO `t_...')
#1 /var/www/html/wwo/system/Database/BaseConnection.php(741): CodeIgniter\Database\MySQLi\Connection->execute('INSERT INTO `t_...')
#2 /var/www/html/wwo/system/Database/BaseConnection.php(669): CodeIgniter\Database\BaseConnection->simpleQuery('INSERT INTO `t_...')
#3 /var/www/html/wwo/system/Database/BaseBuilder.php(2249): CodeIgniter\Database\BaseConnection->query('INSERT INTO `t_...', Array, false)
#4 /var/www/html/wwo/system/Model.php(755): CodeIgniter\Database\BaseBuilder->insert()
#5 /var/www/html/wwo/system/Model.php(574): CodeIgniter\Model->insert(Array, false)
#6 /var/www/html/wwo/app/Controllers/Administator.php(53): CodeIgniter\Model->save(Array)
#7 /var/www/html/wwo/system/CodeIgniter.php(918): App\Controllers\Administator->saveUser()
#8 /var/www/html/wwo/system/CodeIgniter.php(404): CodeIgniter\CodeIgniter->runController(Object(App\Controllers\Administator))
#9 /var/www/html/wwo/system/CodeIgniter.php(312): CodeIgniter\CodeIgniter->handleRequest(NULL, Object(Config\Cache), false)
#10 /var/www/html/wwo/public/index.php(45): CodeIgniter\CodeIgniter->run()
#11 /var/www/html/wwo/system/Commands/Server/rewrite.php(34): require_once('/var/www/html/w...')
#12 {main}
CRITICAL - 2020-10-05 02:46:44 --> Deletes are not allowed unless they contain a "where" or "like" clause.
#0 /var/www/html/wwo/system/Model.php(977): CodeIgniter\Database\BaseBuilder->delete()
#1 /var/www/html/wwo/app/Controllers/Administator.php(59): CodeIgniter\Model->delete('0')
#2 /var/www/html/wwo/system/CodeIgniter.php(918): App\Controllers\Administator->delUser('0')
#3 /var/www/html/wwo/system/CodeIgniter.php(404): CodeIgniter\CodeIgniter->runController(Object(App\Controllers\Administator))
#4 /var/www/html/wwo/system/CodeIgniter.php(312): CodeIgniter\CodeIgniter->handleRequest(NULL, Object(Config\Cache), false)
#5 /var/www/html/wwo/public/index.php(45): CodeIgniter\CodeIgniter->run()
#6 /var/www/html/wwo/system/Commands/Server/rewrite.php(34): require_once('/var/www/html/w...')
#7 {main}
CRITICAL - 2020-10-05 02:46:54 --> Too few arguments to function CodeIgniter\Model::save(), 0 passed in /var/www/html/wwo/app/Controllers/Administator.php on line 55 and exactly 1 expected
#0 /var/www/html/wwo/app/Controllers/Administator.php(55): CodeIgniter\Model->save()
#1 /var/www/html/wwo/system/CodeIgniter.php(918): App\Controllers\Administator->saveUser()
#2 /var/www/html/wwo/system/CodeIgniter.php(404): CodeIgniter\CodeIgniter->runController(Object(App\Controllers\Administator))
#3 /var/www/html/wwo/system/CodeIgniter.php(312): CodeIgniter\CodeIgniter->handleRequest(NULL, Object(Config\Cache), false)
#4 /var/www/html/wwo/public/index.php(45): CodeIgniter\CodeIgniter->run()
#5 /var/www/html/wwo/system/Commands/Server/rewrite.php(34): require_once('/var/www/html/w...')
#6 {main}
CRITICAL - 2020-10-05 02:49:23 --> Too few arguments to function CodeIgniter\Model::save(), 0 passed in /var/www/html/wwo/app/Controllers/Administator.php on line 55 and exactly 1 expected
#0 /var/www/html/wwo/app/Controllers/Administator.php(55): CodeIgniter\Model->save()
#1 /var/www/html/wwo/system/CodeIgniter.php(918): App\Controllers\Administator->saveUser()
#2 /var/www/html/wwo/system/CodeIgniter.php(404): CodeIgniter\CodeIgniter->runController(Object(App\Controllers\Administator))
#3 /var/www/html/wwo/system/CodeIgniter.php(312): CodeIgniter\CodeIgniter->handleRequest(NULL, Object(Config\Cache), false)
#4 /var/www/html/wwo/public/index.php(45): CodeIgniter\CodeIgniter->run()
#5 /var/www/html/wwo/system/Commands/Server/rewrite.php(34): require_once('/var/www/html/w...')
#6 {main}
CRITICAL - 2020-10-05 03:12:28 --> Deletes are not allowed unless they contain a "where" or "like" clause.
#0 /var/www/html/wwo/system/Model.php(977): CodeIgniter\Database\BaseBuilder->delete()
#1 /var/www/html/wwo/app/Controllers/Administator.php(59): CodeIgniter\Model->delete('0')
#2 /var/www/html/wwo/system/CodeIgniter.php(918): App\Controllers\Administator->delUser('0')
#3 /var/www/html/wwo/system/CodeIgniter.php(404): CodeIgniter\CodeIgniter->runController(Object(App\Controllers\Administator))
#4 /var/www/html/wwo/system/CodeIgniter.php(312): CodeIgniter\CodeIgniter->handleRequest(NULL, Object(Config\Cache), false)
#5 /var/www/html/wwo/public/index.php(45): CodeIgniter\CodeIgniter->run()
#6 /var/www/html/wwo/system/Commands/Server/rewrite.php(34): require_once('/var/www/html/w...')
#7 {main}
CRITICAL - 2020-10-05 03:12:45 --> Deletes are not allowed unless they contain a "where" or "like" clause.
#0 /var/www/html/wwo/system/Model.php(977): CodeIgniter\Database\BaseBuilder->delete()
#1 /var/www/html/wwo/app/Controllers/Administator.php(59): CodeIgniter\Model->delete('0')
#2 /var/www/html/wwo/system/CodeIgniter.php(918): App\Controllers\Administator->delUser('0')
#3 /var/www/html/wwo/system/CodeIgniter.php(404): CodeIgniter\CodeIgniter->runController(Object(App\Controllers\Administator))
#4 /var/www/html/wwo/system/CodeIgniter.php(312): CodeIgniter\CodeIgniter->handleRequest(NULL, Object(Config\Cache), false)
#5 /var/www/html/wwo/public/index.php(45): CodeIgniter\CodeIgniter->run()
#6 /var/www/html/wwo/system/Commands/Server/rewrite.php(34): require_once('/var/www/html/w...')
#7 {main}
CRITICAL - 2020-10-05 03:13:04 --> Duplicate entry '0' for key 'PRIMARY'
#0 /var/www/html/wwo/system/Database/MySQLi/Connection.php(331): mysqli->query('INSERT INTO `t_...')
#1 /var/www/html/wwo/system/Database/BaseConnection.php(741): CodeIgniter\Database\MySQLi\Connection->execute('INSERT INTO `t_...')
#2 /var/www/html/wwo/system/Database/BaseConnection.php(669): CodeIgniter\Database\BaseConnection->simpleQuery('INSERT INTO `t_...')
#3 /var/www/html/wwo/system/Database/BaseBuilder.php(2249): CodeIgniter\Database\BaseConnection->query('INSERT INTO `t_...', Array, false)
#4 /var/www/html/wwo/system/Model.php(755): CodeIgniter\Database\BaseBuilder->insert()
#5 /var/www/html/wwo/app/Controllers/Administator.php(53): CodeIgniter\Model->insert(Array)
#6 /var/www/html/wwo/system/CodeIgniter.php(918): App\Controllers\Administator->saveUser()
#7 /var/www/html/wwo/system/CodeIgniter.php(404): CodeIgniter\CodeIgniter->runController(Object(App\Controllers\Administator))
#8 /var/www/html/wwo/system/CodeIgniter.php(312): CodeIgniter\CodeIgniter->handleRequest(NULL, Object(Config\Cache), false)
#9 /var/www/html/wwo/public/index.php(45): CodeIgniter\CodeIgniter->run()
#10 /var/www/html/wwo/system/Commands/Server/rewrite.php(34): require_once('/var/www/html/w...')
#11 {main}
CRITICAL - 2020-10-05 03:29:38 --> Duplicate entry '0' for key 'PRIMARY'
#0 /var/www/html/wwo/system/Database/MySQLi/Connection.php(331): mysqli->query('INSERT INTO `t_...')
#1 /var/www/html/wwo/system/Database/BaseConnection.php(741): CodeIgniter\Database\MySQLi\Connection->execute('INSERT INTO `t_...')
#2 /var/www/html/wwo/system/Database/BaseConnection.php(669): CodeIgniter\Database\BaseConnection->simpleQuery('INSERT INTO `t_...')
#3 /var/www/html/wwo/system/Database/BaseBuilder.php(2249): CodeIgniter\Database\BaseConnection->query('INSERT INTO `t_...', Array, false)
#4 /var/www/html/wwo/system/Model.php(755): CodeIgniter\Database\BaseBuilder->insert()
#5 /var/www/html/wwo/app/Controllers/Administator.php(53): CodeIgniter\Model->insert(Array)
#6 /var/www/html/wwo/system/CodeIgniter.php(918): App\Controllers\Administator->saveUser()
#7 /var/www/html/wwo/system/CodeIgniter.php(404): CodeIgniter\CodeIgniter->runController(Object(App\Controllers\Administator))
#8 /var/www/html/wwo/system/CodeIgniter.php(312): CodeIgniter\CodeIgniter->handleRequest(NULL, Object(Config\Cache), false)
#9 /var/www/html/wwo/public/index.php(45): CodeIgniter\CodeIgniter->run()
#10 /var/www/html/wwo/system/Commands/Server/rewrite.php(34): require_once('/var/www/html/w...')
#11 {main}
CRITICAL - 2020-10-05 05:36:51 --> Undefined property: App\Controllers\Administator::$db
#0 /var/www/html/wwo/app/Controllers/Administator.php(56): CodeIgniter\Debug\Exceptions->errorHandler(8, 'Undefined prope...', '/var/www/html/w...', 56, Array)
#1 /var/www/html/wwo/system/CodeIgniter.php(918): App\Controllers\Administator->saveUser()
#2 /var/www/html/wwo/system/CodeIgniter.php(404): CodeIgniter\CodeIgniter->runController(Object(App\Controllers\Administator))
#3 /var/www/html/wwo/system/CodeIgniter.php(312): CodeIgniter\CodeIgniter->handleRequest(NULL, Object(Config\Cache), false)
#4 /var/www/html/wwo/public/index.php(45): CodeIgniter\CodeIgniter->run()
#5 /var/www/html/wwo/system/Commands/Server/rewrite.php(34): require_once('/var/www/html/w...')
#6 {main}
CRITICAL - 2020-10-05 05:59:06 --> Deletes are not allowed unless they contain a "where" or "like" clause.
#0 /var/www/html/wwo/system/Model.php(977): CodeIgniter\Database\BaseBuilder->delete()
#1 /var/www/html/wwo/app/Controllers/Administator.php(59): CodeIgniter\Model->delete('0')
#2 /var/www/html/wwo/system/CodeIgniter.php(918): App\Controllers\Administator->delUser('0')
#3 /var/www/html/wwo/system/CodeIgniter.php(404): CodeIgniter\CodeIgniter->runController(Object(App\Controllers\Administator))
#4 /var/www/html/wwo/system/CodeIgniter.php(312): CodeIgniter\CodeIgniter->handleRequest(NULL, Object(Config\Cache), false)
#5 /var/www/html/wwo/public/index.php(45): CodeIgniter\CodeIgniter->run()
#6 /var/www/html/wwo/system/Commands/Server/rewrite.php(34): require_once('/var/www/html/w...')
#7 {main}
CRITICAL - 2020-10-05 06:00:51 --> Unknown column 'id' in 'where clause'
#0 /var/www/html/wwo/system/Database/MySQLi/Connection.php(331): mysqli->query('DELETE FROM `t_...')
#1 /var/www/html/wwo/system/Database/BaseConnection.php(741): CodeIgniter\Database\MySQLi\Connection->execute('DELETE FROM `t_...')
#2 /var/www/html/wwo/system/Database/BaseConnection.php(669): CodeIgniter\Database\BaseConnection->simpleQuery('DELETE FROM `t_...')
#3 /var/www/html/wwo/system/Database/BaseBuilder.php(2853): CodeIgniter\Database\BaseConnection->query('DELETE FROM `t_...', Array, false)
#4 /var/www/html/wwo/system/Model.php(977): CodeIgniter\Database\BaseBuilder->delete()
#5 /var/www/html/wwo/app/Controllers/Administator.php(59): CodeIgniter\Model->delete(Array)
#6 /var/www/html/wwo/system/CodeIgniter.php(918): App\Controllers\Administator->delUser('13123')
#7 /var/www/html/wwo/system/CodeIgniter.php(404): CodeIgniter\CodeIgniter->runController(Object(App\Controllers\Administator))
#8 /var/www/html/wwo/system/CodeIgniter.php(312): CodeIgniter\CodeIgniter->handleRequest(NULL, Object(Config\Cache), false)
#9 /var/www/html/wwo/public/index.php(45): CodeIgniter\CodeIgniter->run()
#10 /var/www/html/wwo/system/Commands/Server/rewrite.php(34): require_once('/var/www/html/w...')
#11 {main}
CRITICAL - 2020-10-05 06:12:45 --> Call to a member function getLastQuery() on null
#0 /var/www/html/wwo/system/CodeIgniter.php(918): App\Controllers\Administator->saveUser()
#1 /var/www/html/wwo/system/CodeIgniter.php(404): CodeIgniter\CodeIgniter->runController(Object(App\Controllers\Administator))
#2 /var/www/html/wwo/system/CodeIgniter.php(312): CodeIgniter\CodeIgniter->handleRequest(NULL, Object(Config\Cache), false)
#3 /var/www/html/wwo/public/index.php(45): CodeIgniter\CodeIgniter->run()
#4 /var/www/html/wwo/system/Commands/Server/rewrite.php(34): require_once('/var/www/html/w...')
#5 {main}
CRITICAL - 2020-10-05 06:13:35 --> Call to a member function getLastQuery() on null
#0 /var/www/html/wwo/system/CodeIgniter.php(918): App\Controllers\Administator->saveUser()
#1 /var/www/html/wwo/system/CodeIgniter.php(404): CodeIgniter\CodeIgniter->runController(Object(App\Controllers\Administator))
#2 /var/www/html/wwo/system/CodeIgniter.php(312): CodeIgniter\CodeIgniter->handleRequest(NULL, Object(Config\Cache), false)
#3 /var/www/html/wwo/public/index.php(45): CodeIgniter\CodeIgniter->run()
#4 /var/www/html/wwo/system/Commands/Server/rewrite.php(34): require_once('/var/www/html/w...')
#5 {main}
CRITICAL - 2020-10-05 06:13:43 --> Call to a member function getLastQuery() on null
#0 /var/www/html/wwo/system/CodeIgniter.php(918): App\Controllers\Administator->saveUser()
#1 /var/www/html/wwo/system/CodeIgniter.php(404): CodeIgniter\CodeIgniter->runController(Object(App\Controllers\Administator))
#2 /var/www/html/wwo/system/CodeIgniter.php(312): CodeIgniter\CodeIgniter->handleRequest(NULL, Object(Config\Cache), false)
#3 /var/www/html/wwo/public/index.php(45): CodeIgniter\CodeIgniter->run()
#4 /var/www/html/wwo/system/Commands/Server/rewrite.php(34): require_once('/var/www/html/w...')
#5 {main}
CRITICAL - 2020-10-05 07:32:06 --> Undefined property: App\Controllers\Administator::$getLastQuery
#0 /var/www/html/wwo/app/Controllers/Administator.php(55): CodeIgniter\Debug\Exceptions->errorHandler(8, 'Undefined prope...', '/var/www/html/w...', 55, Array)
#1 /var/www/html/wwo/system/CodeIgniter.php(918): App\Controllers\Administator->saveUser()
#2 /var/www/html/wwo/system/CodeIgniter.php(404): CodeIgniter\CodeIgniter->runController(Object(App\Controllers\Administator))
#3 /var/www/html/wwo/system/CodeIgniter.php(312): CodeIgniter\CodeIgniter->handleRequest(NULL, Object(Config\Cache), false)
#4 /var/www/html/wwo/public/index.php(45): CodeIgniter\CodeIgniter->run()
#5 /var/www/html/wwo/system/Commands/Server/rewrite.php(34): require_once('/var/www/html/w...')
#6 {main}
CRITICAL - 2020-10-05 07:32:20 --> Call to undefined method App\Controllers\Administator::getLastQuery()
#0 /var/www/html/wwo/system/CodeIgniter.php(918): App\Controllers\Administator->saveUser()
#1 /var/www/html/wwo/system/CodeIgniter.php(404): CodeIgniter\CodeIgniter->runController(Object(App\Controllers\Administator))
#2 /var/www/html/wwo/system/CodeIgniter.php(312): CodeIgniter\CodeIgniter->handleRequest(NULL, Object(Config\Cache), false)
#3 /var/www/html/wwo/public/index.php(45): CodeIgniter\CodeIgniter->run()
#4 /var/www/html/wwo/system/Commands/Server/rewrite.php(34): require_once('/var/www/html/w...')
#5 {main}
CRITICAL - 2020-10-05 07:33:27 --> Undefined property: App\Controllers\Administator::$db
#0 /var/www/html/wwo/app/Controllers/Administator.php(57): CodeIgniter\Debug\Exceptions->errorHandler(8, 'Undefined prope...', '/var/www/html/w...', 57, Array)
#1 /var/www/html/wwo/system/CodeIgniter.php(918): App\Controllers\Administator->saveUser()
#2 /var/www/html/wwo/system/CodeIgniter.php(404): CodeIgniter\CodeIgniter->runController(Object(App\Controllers\Administator))
#3 /var/www/html/wwo/system/CodeIgniter.php(312): CodeIgniter\CodeIgniter->handleRequest(NULL, Object(Config\Cache), false)
#4 /var/www/html/wwo/public/index.php(45): CodeIgniter\CodeIgniter->run()
#5 /var/www/html/wwo/system/Commands/Server/rewrite.php(34): require_once('/var/www/html/w...')
#6 {main}
CRITICAL - 2020-10-05 07:34:08 --> syntax error, unexpected '$db' (T_VARIABLE), expecting function (T_FUNCTION) or const (T_CONST)
#0 /var/www/html/wwo/system/Router/Router.php(195): CodeIgniter\Router\Router->autoRoute('administator/sa...')
#1 /var/www/html/wwo/system/CodeIgniter.php(793): CodeIgniter\Router\Router->handle('administator/sa...')
#2 /var/www/html/wwo/system/CodeIgniter.php(364): CodeIgniter\CodeIgniter->tryToRouteIt(Object(CodeIgniter\Router\RouteCollection))
#3 /var/www/html/wwo/system/CodeIgniter.php(312): CodeIgniter\CodeIgniter->handleRequest(NULL, Object(Config\Cache), false)
#4 /var/www/html/wwo/public/index.php(45): CodeIgniter\CodeIgniter->run()
#5 /var/www/html/wwo/system/Commands/Server/rewrite.php(34): require_once('/var/www/html/w...')
#6 {main}
CRITICAL - 2020-10-05 07:40:59 --> syntax error, unexpected '$db' (T_VARIABLE), expecting function (T_FUNCTION) or const (T_CONST)
#0 /var/www/html/wwo/system/Autoloader/Autoloader.php(296): CodeIgniter\Autoloader\Autoloader->requireFile('/var/www/html/w...')
#1 /var/www/html/wwo/system/Autoloader/Autoloader.php(258): CodeIgniter\Autoloader\Autoloader->loadInNamespace('App\\Controllers...')
#2 [internal function]: CodeIgniter\Autoloader\Autoloader->loadClass('App\\Controllers...')
#3 /var/www/html/wwo/app/Controllers/Administator.php(6): spl_autoload_call('App\\Controllers...')
#4 /var/www/html/wwo/system/Router/Router.php(583): include_once('/var/www/html/w...')
#5 /var/www/html/wwo/system/Router/Router.php(195): CodeIgniter\Router\Router->autoRoute('administator/sa...')
#6 /var/www/html/wwo/system/CodeIgniter.php(793): CodeIgniter\Router\Router->handle('administator/sa...')
#7 /var/www/html/wwo/system/CodeIgniter.php(364): CodeIgniter\CodeIgniter->tryToRouteIt(Object(CodeIgniter\Router\RouteCollection))
#8 /var/www/html/wwo/system/CodeIgniter.php(312): CodeIgniter\CodeIgniter->handleRequest(NULL, Object(Config\Cache), false)
#9 /var/www/html/wwo/public/index.php(45): CodeIgniter\CodeIgniter->run()
#10 /var/www/html/wwo/system/Commands/Server/rewrite.php(34): require_once('/var/www/html/w...')
#11 {main}
