CRITICAL - 2020-09-23 06:03:00 --> syntax error, unexpected ';', expecting ']'
#0 /var/www/html/wwo/system/Router/Router.php(195): CodeIgniter\Router\Router->autoRoute('administator/da...')
#1 /var/www/html/wwo/system/CodeIgniter.php(793): CodeIgniter\Router\Router->handle('administator/da...')
#2 /var/www/html/wwo/system/CodeIgniter.php(364): CodeIgniter\CodeIgniter->tryToRouteIt(Object(CodeIgniter\Router\RouteCollection))
#3 /var/www/html/wwo/system/CodeIgniter.php(312): CodeIgniter\CodeIgniter->handleRequest(NULL, Object(Config\Cache), false)
#4 /var/www/html/wwo/public/index.php(45): CodeIgniter\CodeIgniter->run()
#5 {main}
CRITICAL - 2020-09-23 06:03:13 --> Undefined property: App\Controllers\Administator::$M_user
#0 /var/www/html/wwo/app/Controllers/Administator.php(20): CodeIgniter\Debug\Exceptions->errorHandler(8, 'Undefined prope...', '/var/www/html/w...', 20, Array)
#1 /var/www/html/wwo/system/CodeIgniter.php(918): App\Controllers\Administator->user()
#2 /var/www/html/wwo/system/CodeIgniter.php(404): CodeIgniter\CodeIgniter->runController(Object(App\Controllers\Administator))
#3 /var/www/html/wwo/system/CodeIgniter.php(312): CodeIgniter\CodeIgniter->handleRequest(NULL, Object(Config\Cache), false)
#4 /var/www/html/wwo/public/index.php(45): CodeIgniter\CodeIgniter->run()
#5 {main}
CRITICAL - 2020-09-23 06:06:42 --> Undefined variable: user
#0 /var/www/html/wwo/app/Views/admin/user_view.php(50): CodeIgniter\Debug\Exceptions->errorHandler(8, 'Undefined varia...', '/var/www/html/w...', 50, Array)
#1 /var/www/html/wwo/system/View/View.php(246): include('/var/www/html/w...')
#2 /var/www/html/wwo/system/Common.php(1119): CodeIgniter\View\View->render('admin/user_view', Array, true)
#3 /var/www/html/wwo/app/Views/template_admin.php(10): view('admin/user_view')
#4 /var/www/html/wwo/system/View/View.php(246): include('/var/www/html/w...')
#5 /var/www/html/wwo/system/Common.php(1119): CodeIgniter\View\View->render('template_admin', Array, true)
#6 /var/www/html/wwo/app/Controllers/Administator.php(24): view('template_admin', Array)
#7 /var/www/html/wwo/system/CodeIgniter.php(918): App\Controllers\Administator->user()
#8 /var/www/html/wwo/system/CodeIgniter.php(404): CodeIgniter\CodeIgniter->runController(Object(App\Controllers\Administator))
#9 /var/www/html/wwo/system/CodeIgniter.php(312): CodeIgniter\CodeIgniter->handleRequest(NULL, Object(Config\Cache), false)
#10 /var/www/html/wwo/public/index.php(45): CodeIgniter\CodeIgniter->run()
#11 {main}
CRITICAL - 2020-09-23 06:07:06 --> Trying to get property 'img' of non-object
#0 /var/www/html/wwo/app/Views/admin/user_view.php(53): CodeIgniter\Debug\Exceptions->errorHandler(8, 'Trying to get p...', '/var/www/html/w...', 53, Array)
#1 /var/www/html/wwo/system/View/View.php(246): include('/var/www/html/w...')
#2 /var/www/html/wwo/system/Common.php(1119): CodeIgniter\View\View->render('admin/user_view', Array, true)
#3 /var/www/html/wwo/app/Views/template_admin.php(10): view('admin/user_view')
#4 /var/www/html/wwo/system/View/View.php(246): include('/var/www/html/w...')
#5 /var/www/html/wwo/system/Common.php(1119): CodeIgniter\View\View->render('template_admin', Array, true)
#6 /var/www/html/wwo/app/Controllers/Administator.php(24): view('template_admin', Array)
#7 /var/www/html/wwo/system/CodeIgniter.php(918): App\Controllers\Administator->user()
#8 /var/www/html/wwo/system/CodeIgniter.php(404): CodeIgniter\CodeIgniter->runController(Object(App\Controllers\Administator))
#9 /var/www/html/wwo/system/CodeIgniter.php(312): CodeIgniter\CodeIgniter->handleRequest(NULL, Object(Config\Cache), false)
#10 /var/www/html/wwo/public/index.php(45): CodeIgniter\CodeIgniter->run()
#11 {main}
CRITICAL - 2020-09-23 06:07:30 --> Trying to get property 'name' of non-object
#0 /var/www/html/wwo/app/Views/admin/user_view.php(55): CodeIgniter\Debug\Exceptions->errorHandler(8, 'Trying to get p...', '/var/www/html/w...', 55, Array)
#1 /var/www/html/wwo/system/View/View.php(246): include('/var/www/html/w...')
#2 /var/www/html/wwo/system/Common.php(1119): CodeIgniter\View\View->render('admin/user_view', Array, true)
#3 /var/www/html/wwo/app/Views/template_admin.php(10): view('admin/user_view')
#4 /var/www/html/wwo/system/View/View.php(246): include('/var/www/html/w...')
#5 /var/www/html/wwo/system/Common.php(1119): CodeIgniter\View\View->render('template_admin', Array, true)
#6 /var/www/html/wwo/app/Controllers/Administator.php(24): view('template_admin', Array)
#7 /var/www/html/wwo/system/CodeIgniter.php(918): App\Controllers\Administator->user()
#8 /var/www/html/wwo/system/CodeIgniter.php(404): CodeIgniter\CodeIgniter->runController(Object(App\Controllers\Administator))
#9 /var/www/html/wwo/system/CodeIgniter.php(312): CodeIgniter\CodeIgniter->handleRequest(NULL, Object(Config\Cache), false)
#10 /var/www/html/wwo/public/index.php(45): CodeIgniter\CodeIgniter->run()
#11 {main}
CRITICAL - 2020-09-23 06:08:02 --> Trying to get property 'name' of non-object
#0 /var/www/html/wwo/app/Views/admin/user_view.php(55): CodeIgniter\Debug\Exceptions->errorHandler(8, 'Trying to get p...', '/var/www/html/w...', 55, Array)
#1 /var/www/html/wwo/system/View/View.php(246): include('/var/www/html/w...')
#2 /var/www/html/wwo/system/Common.php(1119): CodeIgniter\View\View->render('admin/user_view', Array, true)
#3 /var/www/html/wwo/app/Views/template_admin.php(10): view('admin/user_view')
#4 /var/www/html/wwo/system/View/View.php(246): include('/var/www/html/w...')
#5 /var/www/html/wwo/system/Common.php(1119): CodeIgniter\View\View->render('template_admin', Array, true)
#6 /var/www/html/wwo/app/Controllers/Administator.php(24): view('template_admin', Array)
#7 /var/www/html/wwo/system/CodeIgniter.php(918): App\Controllers\Administator->user()
#8 /var/www/html/wwo/system/CodeIgniter.php(404): CodeIgniter\CodeIgniter->runController(Object(App\Controllers\Administator))
#9 /var/www/html/wwo/system/CodeIgniter.php(312): CodeIgniter\CodeIgniter->handleRequest(NULL, Object(Config\Cache), false)
#10 /var/www/html/wwo/public/index.php(45): CodeIgniter\CodeIgniter->run()
#11 {main}
CRITICAL - 2020-09-23 06:11:10 --> Undefined variable: usr
#0 /var/www/html/wwo/app/Views/admin/user_view.php(55): CodeIgniter\Debug\Exceptions->errorHandler(8, 'Undefined varia...', '/var/www/html/w...', 55, Array)
#1 /var/www/html/wwo/system/View/View.php(246): include('/var/www/html/w...')
#2 /var/www/html/wwo/system/Common.php(1119): CodeIgniter\View\View->render('admin/user_view', Array, true)
#3 /var/www/html/wwo/app/Views/template_admin.php(10): view('admin/user_view')
#4 /var/www/html/wwo/system/View/View.php(246): include('/var/www/html/w...')
#5 /var/www/html/wwo/system/Common.php(1119): CodeIgniter\View\View->render('template_admin', Array, true)
#6 /var/www/html/wwo/app/Controllers/Administator.php(24): view('template_admin', Array)
#7 /var/www/html/wwo/system/CodeIgniter.php(918): App\Controllers\Administator->user()
#8 /var/www/html/wwo/system/CodeIgniter.php(404): CodeIgniter\CodeIgniter->runController(Object(App\Controllers\Administator))
#9 /var/www/html/wwo/system/CodeIgniter.php(312): CodeIgniter\CodeIgniter->handleRequest(NULL, Object(Config\Cache), false)
#10 /var/www/html/wwo/public/index.php(45): CodeIgniter\CodeIgniter->run()
#11 {main}
CRITICAL - 2020-09-23 06:11:26 --> Undefined index: address
#0 /var/www/html/wwo/app/Views/admin/user_view.php(59): CodeIgniter\Debug\Exceptions->errorHandler(8, 'Undefined index...', '/var/www/html/w...', 59, Array)
#1 /var/www/html/wwo/system/View/View.php(246): include('/var/www/html/w...')
#2 /var/www/html/wwo/system/Common.php(1119): CodeIgniter\View\View->render('admin/user_view', Array, true)
#3 /var/www/html/wwo/app/Views/template_admin.php(10): view('admin/user_view')
#4 /var/www/html/wwo/system/View/View.php(246): include('/var/www/html/w...')
#5 /var/www/html/wwo/system/Common.php(1119): CodeIgniter\View\View->render('template_admin', Array, true)
#6 /var/www/html/wwo/app/Controllers/Administator.php(24): view('template_admin', Array)
#7 /var/www/html/wwo/system/CodeIgniter.php(918): App\Controllers\Administator->user()
#8 /var/www/html/wwo/system/CodeIgniter.php(404): CodeIgniter\CodeIgniter->runController(Object(App\Controllers\Administator))
#9 /var/www/html/wwo/system/CodeIgniter.php(312): CodeIgniter\CodeIgniter->handleRequest(NULL, Object(Config\Cache), false)
#10 /var/www/html/wwo/public/index.php(45): CodeIgniter\CodeIgniter->run()
#11 {main}
CRITICAL - 2020-09-23 06:12:01 --> Undefined index: id
#0 /var/www/html/wwo/app/Views/admin/user_view.php(59): CodeIgniter\Debug\Exceptions->errorHandler(8, 'Undefined index...', '/var/www/html/w...', 59, Array)
#1 /var/www/html/wwo/system/View/View.php(246): include('/var/www/html/w...')
#2 /var/www/html/wwo/system/Common.php(1119): CodeIgniter\View\View->render('admin/user_view', Array, true)
#3 /var/www/html/wwo/app/Views/template_admin.php(10): view('admin/user_view')
#4 /var/www/html/wwo/system/View/View.php(246): include('/var/www/html/w...')
#5 /var/www/html/wwo/system/Common.php(1119): CodeIgniter\View\View->render('template_admin', Array, true)
#6 /var/www/html/wwo/app/Controllers/Administator.php(24): view('template_admin', Array)
#7 /var/www/html/wwo/system/CodeIgniter.php(918): App\Controllers\Administator->user()
#8 /var/www/html/wwo/system/CodeIgniter.php(404): CodeIgniter\CodeIgniter->runController(Object(App\Controllers\Administator))
#9 /var/www/html/wwo/system/CodeIgniter.php(312): CodeIgniter\CodeIgniter->handleRequest(NULL, Object(Config\Cache), false)
#10 /var/www/html/wwo/public/index.php(45): CodeIgniter\CodeIgniter->run()
#11 {main}
