CRITICAL - 2020-09-17 08:04:22 --> Undefined property: CodeIgniter\View\View::$uri
#0 /var/www/html/wwo/app/Views/partials/sidebar.php(60): CodeIgniter\Debug\Exceptions->errorHandler(8, 'Undefined prope...', '/var/www/html/w...', 60, Array)
#1 /var/www/html/wwo/system/View/View.php(246): include('/var/www/html/w...')
#2 /var/www/html/wwo/system/Common.php(1119): CodeIgniter\View\View->render('partials/sideba...', Array, true)
#3 /var/www/html/wwo/app/Views/template_admin.php(8): view('partials/sideba...')
#4 /var/www/html/wwo/system/View/View.php(246): include('/var/www/html/w...')
#5 /var/www/html/wwo/system/Common.php(1119): CodeIgniter\View\View->render('template_admin', Array, true)
#6 /var/www/html/wwo/app/Controllers/Administator.php(11): view('template_admin', Array)
#7 /var/www/html/wwo/system/CodeIgniter.php(918): App\Controllers\Administator->index()
#8 /var/www/html/wwo/system/CodeIgniter.php(404): CodeIgniter\CodeIgniter->runController(Object(App\Controllers\Administator))
#9 /var/www/html/wwo/system/CodeIgniter.php(312): CodeIgniter\CodeIgniter->handleRequest(NULL, Object(Config\Cache), false)
#10 /var/www/html/wwo/public/index.php(45): CodeIgniter\CodeIgniter->run()
#11 {main}
CRITICAL - 2020-09-17 08:05:23 --> syntax error, unexpected '?>'
#0 /var/www/html/wwo/system/Common.php(1119): CodeIgniter\View\View->render('partials/sideba...', Array, true)
#1 /var/www/html/wwo/app/Views/template_admin.php(8): view('partials/sideba...')
#2 /var/www/html/wwo/system/View/View.php(246): include('/var/www/html/w...')
#3 /var/www/html/wwo/system/Common.php(1119): CodeIgniter\View\View->render('template_admin', Array, true)
#4 /var/www/html/wwo/app/Controllers/Administator.php(11): view('template_admin', Array)
#5 /var/www/html/wwo/system/CodeIgniter.php(918): App\Controllers\Administator->index()
#6 /var/www/html/wwo/system/CodeIgniter.php(404): CodeIgniter\CodeIgniter->runController(Object(App\Controllers\Administator))
#7 /var/www/html/wwo/system/CodeIgniter.php(312): CodeIgniter\CodeIgniter->handleRequest(NULL, Object(Config\Cache), false)
#8 /var/www/html/wwo/public/index.php(45): CodeIgniter\CodeIgniter->run()
#9 {main}
CRITICAL - 2020-09-17 08:05:32 --> syntax error, unexpected '?>'
#0 /var/www/html/wwo/system/Common.php(1119): CodeIgniter\View\View->render('partials/sideba...', Array, true)
#1 /var/www/html/wwo/app/Views/template_admin.php(8): view('partials/sideba...')
#2 /var/www/html/wwo/system/View/View.php(246): include('/var/www/html/w...')
#3 /var/www/html/wwo/system/Common.php(1119): CodeIgniter\View\View->render('template_admin', Array, true)
#4 /var/www/html/wwo/app/Controllers/Administator.php(11): view('template_admin', Array)
#5 /var/www/html/wwo/system/CodeIgniter.php(918): App\Controllers\Administator->index()
#6 /var/www/html/wwo/system/CodeIgniter.php(404): CodeIgniter\CodeIgniter->runController(Object(App\Controllers\Administator))
#7 /var/www/html/wwo/system/CodeIgniter.php(312): CodeIgniter\CodeIgniter->handleRequest(NULL, Object(Config\Cache), false)
#8 /var/www/html/wwo/public/index.php(45): CodeIgniter\CodeIgniter->run()
#9 {main}
CRITICAL - 2020-09-17 08:05:58 --> syntax error, unexpected '?>'
#0 /var/www/html/wwo/system/Common.php(1119): CodeIgniter\View\View->render('partials/sideba...', Array, true)
#1 /var/www/html/wwo/app/Views/template_admin.php(8): view('partials/sideba...')
#2 /var/www/html/wwo/system/View/View.php(246): include('/var/www/html/w...')
#3 /var/www/html/wwo/system/Common.php(1119): CodeIgniter\View\View->render('template_admin', Array, true)
#4 /var/www/html/wwo/app/Controllers/Administator.php(11): view('template_admin', Array)
#5 /var/www/html/wwo/system/CodeIgniter.php(918): App\Controllers\Administator->index()
#6 /var/www/html/wwo/system/CodeIgniter.php(404): CodeIgniter\CodeIgniter->runController(Object(App\Controllers\Administator))
#7 /var/www/html/wwo/system/CodeIgniter.php(312): CodeIgniter\CodeIgniter->handleRequest(NULL, Object(Config\Cache), false)
#8 /var/www/html/wwo/public/index.php(45): CodeIgniter\CodeIgniter->run()
#9 {main}
CRITICAL - 2020-09-17 08:06:13 --> syntax error, unexpected '?>'
#0 /var/www/html/wwo/system/Common.php(1119): CodeIgniter\View\View->render('partials/sideba...', Array, true)
#1 /var/www/html/wwo/app/Views/template_admin.php(8): view('partials/sideba...')
#2 /var/www/html/wwo/system/View/View.php(246): include('/var/www/html/w...')
#3 /var/www/html/wwo/system/Common.php(1119): CodeIgniter\View\View->render('template_admin', Array, true)
#4 /var/www/html/wwo/app/Controllers/Administator.php(11): view('template_admin', Array)
#5 /var/www/html/wwo/system/CodeIgniter.php(918): App\Controllers\Administator->index()
#6 /var/www/html/wwo/system/CodeIgniter.php(404): CodeIgniter\CodeIgniter->runController(Object(App\Controllers\Administator))
#7 /var/www/html/wwo/system/CodeIgniter.php(312): CodeIgniter\CodeIgniter->handleRequest(NULL, Object(Config\Cache), false)
#8 /var/www/html/wwo/public/index.php(45): CodeIgniter\CodeIgniter->run()
#9 {main}
CRITICAL - 2020-09-17 08:19:43 --> Undefined property: CodeIgniter\View\View::$uri
#0 /var/www/html/wwo/app/Views/partials/sidebar.php(37): CodeIgniter\Debug\Exceptions->errorHandler(8, 'Undefined prope...', '/var/www/html/w...', 37, Array)
#1 /var/www/html/wwo/system/View/View.php(246): include('/var/www/html/w...')
#2 /var/www/html/wwo/system/Common.php(1119): CodeIgniter\View\View->render('partials/sideba...', Array, true)
#3 /var/www/html/wwo/app/Views/template_admin.php(8): view('partials/sideba...')
#4 /var/www/html/wwo/system/View/View.php(246): include('/var/www/html/w...')
#5 /var/www/html/wwo/system/Common.php(1119): CodeIgniter\View\View->render('template_admin', Array, true)
#6 /var/www/html/wwo/app/Controllers/Administator.php(18): view('template_admin', Array)
#7 /var/www/html/wwo/system/CodeIgniter.php(918): App\Controllers\Administator->user()
#8 /var/www/html/wwo/system/CodeIgniter.php(404): CodeIgniter\CodeIgniter->runController(Object(App\Controllers\Administator))
#9 /var/www/html/wwo/system/CodeIgniter.php(312): CodeIgniter\CodeIgniter->handleRequest(NULL, Object(Config\Cache), false)
#10 /var/www/html/wwo/public/index.php(45): CodeIgniter\CodeIgniter->run()
#11 {main}
CRITICAL - 2020-09-17 08:27:03 --> Undefined property: CodeIgniter\View\View::$CI
#0 /var/www/html/wwo/app/Views/partials/sidebar.php(37): CodeIgniter\Debug\Exceptions->errorHandler(8, 'Undefined prope...', '/var/www/html/w...', 37, Array)
#1 /var/www/html/wwo/system/View/View.php(246): include('/var/www/html/w...')
#2 /var/www/html/wwo/system/Common.php(1119): CodeIgniter\View\View->render('partials/sideba...', Array, true)
#3 /var/www/html/wwo/app/Views/template_admin.php(8): view('partials/sideba...')
#4 /var/www/html/wwo/system/View/View.php(246): include('/var/www/html/w...')
#5 /var/www/html/wwo/system/Common.php(1119): CodeIgniter\View\View->render('template_admin', Array, true)
#6 /var/www/html/wwo/app/Controllers/Administator.php(18): view('template_admin', Array)
#7 /var/www/html/wwo/system/CodeIgniter.php(918): App\Controllers\Administator->user()
#8 /var/www/html/wwo/system/CodeIgniter.php(404): CodeIgniter\CodeIgniter->runController(Object(App\Controllers\Administator))
#9 /var/www/html/wwo/system/CodeIgniter.php(312): CodeIgniter\CodeIgniter->handleRequest(NULL, Object(Config\Cache), false)
#10 /var/www/html/wwo/public/index.php(45): CodeIgniter\CodeIgniter->run()
#11 {main}
CRITICAL - 2020-09-17 08:30:05 --> Undefined property: CodeIgniter\View\View::$uri
#0 /var/www/html/wwo/app/Views/partials/sidebar.php(37): CodeIgniter\Debug\Exceptions->errorHandler(8, 'Undefined prope...', '/var/www/html/w...', 37, Array)
#1 /var/www/html/wwo/system/View/View.php(246): include('/var/www/html/w...')
#2 /var/www/html/wwo/system/Common.php(1119): CodeIgniter\View\View->render('partials/sideba...', Array, true)
#3 /var/www/html/wwo/app/Views/template_admin.php(8): view('partials/sideba...')
#4 /var/www/html/wwo/system/View/View.php(246): include('/var/www/html/w...')
#5 /var/www/html/wwo/system/Common.php(1119): CodeIgniter\View\View->render('template_admin', Array, true)
#6 /var/www/html/wwo/app/Controllers/Administator.php(18): view('template_admin', Array)
#7 /var/www/html/wwo/system/CodeIgniter.php(918): App\Controllers\Administator->user()
#8 /var/www/html/wwo/system/CodeIgniter.php(404): CodeIgniter\CodeIgniter->runController(Object(App\Controllers\Administator))
#9 /var/www/html/wwo/system/CodeIgniter.php(312): CodeIgniter\CodeIgniter->handleRequest(NULL, Object(Config\Cache), false)
#10 /var/www/html/wwo/public/index.php(45): CodeIgniter\CodeIgniter->run()
#11 {main}
CRITICAL - 2020-09-17 08:53:27 --> Undefined property: CodeIgniter\View\View::$uri
#0 /var/www/html/wwo/app/Views/partials/sidebar.php(37): CodeIgniter\Debug\Exceptions->errorHandler(8, 'Undefined prope...', '/var/www/html/w...', 37, Array)
#1 /var/www/html/wwo/system/View/View.php(246): include('/var/www/html/w...')
#2 /var/www/html/wwo/system/Common.php(1119): CodeIgniter\View\View->render('partials/sideba...', Array, true)
#3 /var/www/html/wwo/app/Views/template_admin.php(8): view('partials/sideba...')
#4 /var/www/html/wwo/system/View/View.php(246): include('/var/www/html/w...')
#5 /var/www/html/wwo/system/Common.php(1119): CodeIgniter\View\View->render('template_admin', Array, true)
#6 /var/www/html/wwo/app/Controllers/Administator.php(18): view('template_admin', Array)
#7 /var/www/html/wwo/system/CodeIgniter.php(918): App\Controllers\Administator->user()
#8 /var/www/html/wwo/system/CodeIgniter.php(404): CodeIgniter\CodeIgniter->runController(Object(App\Controllers\Administator))
#9 /var/www/html/wwo/system/CodeIgniter.php(312): CodeIgniter\CodeIgniter->handleRequest(NULL, Object(Config\Cache), false)
#10 /var/www/html/wwo/public/index.php(45): CodeIgniter\CodeIgniter->run()
#11 {main}
CRITICAL - 2020-09-17 08:53:31 --> Undefined property: CodeIgniter\View\View::$uri
#0 /var/www/html/wwo/app/Views/partials/sidebar.php(37): CodeIgniter\Debug\Exceptions->errorHandler(8, 'Undefined prope...', '/var/www/html/w...', 37, Array)
#1 /var/www/html/wwo/system/View/View.php(246): include('/var/www/html/w...')
#2 /var/www/html/wwo/system/Common.php(1119): CodeIgniter\View\View->render('partials/sideba...', Array, true)
#3 /var/www/html/wwo/app/Views/template_admin.php(8): view('partials/sideba...')
#4 /var/www/html/wwo/system/View/View.php(246): include('/var/www/html/w...')
#5 /var/www/html/wwo/system/Common.php(1119): CodeIgniter\View\View->render('template_admin', Array, true)
#6 /var/www/html/wwo/app/Controllers/Administator.php(18): view('template_admin', Array)
#7 /var/www/html/wwo/system/CodeIgniter.php(918): App\Controllers\Administator->user()
#8 /var/www/html/wwo/system/CodeIgniter.php(404): CodeIgniter\CodeIgniter->runController(Object(App\Controllers\Administator))
#9 /var/www/html/wwo/system/CodeIgniter.php(312): CodeIgniter\CodeIgniter->handleRequest(NULL, Object(Config\Cache), false)
#10 /var/www/html/wwo/public/index.php(45): CodeIgniter\CodeIgniter->run()
#11 {main}
CRITICAL - 2020-09-17 08:53:33 --> Undefined property: CodeIgniter\View\View::$uri
#0 /var/www/html/wwo/app/Views/partials/sidebar.php(37): CodeIgniter\Debug\Exceptions->errorHandler(8, 'Undefined prope...', '/var/www/html/w...', 37, Array)
#1 /var/www/html/wwo/system/View/View.php(246): include('/var/www/html/w...')
#2 /var/www/html/wwo/system/Common.php(1119): CodeIgniter\View\View->render('partials/sideba...', Array, true)
#3 /var/www/html/wwo/app/Views/template_admin.php(8): view('partials/sideba...')
#4 /var/www/html/wwo/system/View/View.php(246): include('/var/www/html/w...')
#5 /var/www/html/wwo/system/Common.php(1119): CodeIgniter\View\View->render('template_admin', Array, true)
#6 /var/www/html/wwo/app/Controllers/Administator.php(18): view('template_admin', Array)
#7 /var/www/html/wwo/system/CodeIgniter.php(918): App\Controllers\Administator->user()
#8 /var/www/html/wwo/system/CodeIgniter.php(404): CodeIgniter\CodeIgniter->runController(Object(App\Controllers\Administator))
#9 /var/www/html/wwo/system/CodeIgniter.php(312): CodeIgniter\CodeIgniter->handleRequest(NULL, Object(Config\Cache), false)
#10 /var/www/html/wwo/public/index.php(45): CodeIgniter\CodeIgniter->run()
#11 {main}
CRITICAL - 2020-09-17 08:53:34 --> Undefined property: CodeIgniter\View\View::$uri
#0 /var/www/html/wwo/app/Views/partials/sidebar.php(37): CodeIgniter\Debug\Exceptions->errorHandler(8, 'Undefined prope...', '/var/www/html/w...', 37, Array)
#1 /var/www/html/wwo/system/View/View.php(246): include('/var/www/html/w...')
#2 /var/www/html/wwo/system/Common.php(1119): CodeIgniter\View\View->render('partials/sideba...', Array, true)
#3 /var/www/html/wwo/app/Views/template_admin.php(8): view('partials/sideba...')
#4 /var/www/html/wwo/system/View/View.php(246): include('/var/www/html/w...')
#5 /var/www/html/wwo/system/Common.php(1119): CodeIgniter\View\View->render('template_admin', Array, true)
#6 /var/www/html/wwo/app/Controllers/Administator.php(18): view('template_admin', Array)
#7 /var/www/html/wwo/system/CodeIgniter.php(918): App\Controllers\Administator->user()
#8 /var/www/html/wwo/system/CodeIgniter.php(404): CodeIgniter\CodeIgniter->runController(Object(App\Controllers\Administator))
#9 /var/www/html/wwo/system/CodeIgniter.php(312): CodeIgniter\CodeIgniter->handleRequest(NULL, Object(Config\Cache), false)
#10 /var/www/html/wwo/public/index.php(45): CodeIgniter\CodeIgniter->run()
#11 {main}
CRITICAL - 2020-09-17 08:53:35 --> Undefined property: CodeIgniter\View\View::$uri
#0 /var/www/html/wwo/app/Views/partials/sidebar.php(37): CodeIgniter\Debug\Exceptions->errorHandler(8, 'Undefined prope...', '/var/www/html/w...', 37, Array)
#1 /var/www/html/wwo/system/View/View.php(246): include('/var/www/html/w...')
#2 /var/www/html/wwo/system/Common.php(1119): CodeIgniter\View\View->render('partials/sideba...', Array, true)
#3 /var/www/html/wwo/app/Views/template_admin.php(8): view('partials/sideba...')
#4 /var/www/html/wwo/system/View/View.php(246): include('/var/www/html/w...')
#5 /var/www/html/wwo/system/Common.php(1119): CodeIgniter\View\View->render('template_admin', Array, true)
#6 /var/www/html/wwo/app/Controllers/Administator.php(18): view('template_admin', Array)
#7 /var/www/html/wwo/system/CodeIgniter.php(918): App\Controllers\Administator->user()
#8 /var/www/html/wwo/system/CodeIgniter.php(404): CodeIgniter\CodeIgniter->runController(Object(App\Controllers\Administator))
#9 /var/www/html/wwo/system/CodeIgniter.php(312): CodeIgniter\CodeIgniter->handleRequest(NULL, Object(Config\Cache), false)
#10 /var/www/html/wwo/public/index.php(45): CodeIgniter\CodeIgniter->run()
#11 {main}
CRITICAL - 2020-09-17 08:53:37 --> Undefined property: CodeIgniter\View\View::$uri
#0 /var/www/html/wwo/app/Views/partials/sidebar.php(37): CodeIgniter\Debug\Exceptions->errorHandler(8, 'Undefined prope...', '/var/www/html/w...', 37, Array)
#1 /var/www/html/wwo/system/View/View.php(246): include('/var/www/html/w...')
#2 /var/www/html/wwo/system/Common.php(1119): CodeIgniter\View\View->render('partials/sideba...', Array, true)
#3 /var/www/html/wwo/app/Views/template_admin.php(8): view('partials/sideba...')
#4 /var/www/html/wwo/system/View/View.php(246): include('/var/www/html/w...')
#5 /var/www/html/wwo/system/Common.php(1119): CodeIgniter\View\View->render('template_admin', Array, true)
#6 /var/www/html/wwo/app/Controllers/Administator.php(18): view('template_admin', Array)
#7 /var/www/html/wwo/system/CodeIgniter.php(918): App\Controllers\Administator->user()
#8 /var/www/html/wwo/system/CodeIgniter.php(404): CodeIgniter\CodeIgniter->runController(Object(App\Controllers\Administator))
#9 /var/www/html/wwo/system/CodeIgniter.php(312): CodeIgniter\CodeIgniter->handleRequest(NULL, Object(Config\Cache), false)
#10 /var/www/html/wwo/public/index.php(45): CodeIgniter\CodeIgniter->run()
#11 {main}
CRITICAL - 2020-09-17 10:43:53 --> Undefined variable: user
#0 /var/www/html/wwo/app/Views/admin/user_view.php(50): CodeIgniter\Debug\Exceptions->errorHandler(8, 'Undefined varia...', '/var/www/html/w...', 50, Array)
#1 /var/www/html/wwo/system/View/View.php(246): include('/var/www/html/w...')
#2 /var/www/html/wwo/system/Common.php(1119): CodeIgniter\View\View->render('admin/user_view', Array, true)
#3 /var/www/html/wwo/app/Views/template_admin.php(10): view('admin/user_view')
#4 /var/www/html/wwo/system/View/View.php(246): include('/var/www/html/w...')
#5 /var/www/html/wwo/system/Common.php(1119): CodeIgniter\View\View->render('template_admin', Array, true)
#6 /var/www/html/wwo/app/Controllers/Administator.php(18): view('template_admin', Array)
#7 /var/www/html/wwo/system/CodeIgniter.php(918): App\Controllers\Administator->user()
#8 /var/www/html/wwo/system/CodeIgniter.php(404): CodeIgniter\CodeIgniter->runController(Object(App\Controllers\Administator))
#9 /var/www/html/wwo/system/CodeIgniter.php(312): CodeIgniter\CodeIgniter->handleRequest(NULL, Object(Config\Cache), false)
#10 /var/www/html/wwo/public/index.php(45): CodeIgniter\CodeIgniter->run()
#11 {main}
CRITICAL - 2020-09-17 10:44:34 --> Undefined variable: user
#0 /var/www/html/wwo/app/Views/admin/user_view.php(50): CodeIgniter\Debug\Exceptions->errorHandler(8, 'Undefined varia...', '/var/www/html/w...', 50, Array)
#1 /var/www/html/wwo/system/View/View.php(246): include('/var/www/html/w...')
#2 /var/www/html/wwo/system/Common.php(1119): CodeIgniter\View\View->render('admin/user_view', Array, true)
#3 /var/www/html/wwo/app/Views/template_admin.php(10): view('admin/user_view')
#4 /var/www/html/wwo/system/View/View.php(246): include('/var/www/html/w...')
#5 /var/www/html/wwo/system/Common.php(1119): CodeIgniter\View\View->render('template_admin', Array, true)
#6 /var/www/html/wwo/app/Controllers/Administator.php(18): view('template_admin', Array)
#7 /var/www/html/wwo/system/CodeIgniter.php(918): App\Controllers\Administator->user()
#8 /var/www/html/wwo/system/CodeIgniter.php(404): CodeIgniter\CodeIgniter->runController(Object(App\Controllers\Administator))
#9 /var/www/html/wwo/system/CodeIgniter.php(312): CodeIgniter\CodeIgniter->handleRequest(NULL, Object(Config\Cache), false)
#10 /var/www/html/wwo/public/index.php(45): CodeIgniter\CodeIgniter->run()
#11 {main}
