CRITICAL - 2020-10-02 06:31:07 --> Deletes are not allowed unless they contain a "where" or "like" clause.
#0 /var/www/html/wwo/system/Model.php(977): CodeIgniter\Database\BaseBuilder->delete()
#1 /var/www/html/wwo/app/Controllers/Administator.php(59): CodeIgniter\Model->delete('0')
#2 /var/www/html/wwo/system/CodeIgniter.php(918): App\Controllers\Administator->delUser('0')
#3 /var/www/html/wwo/system/CodeIgniter.php(404): CodeIgniter\CodeIgniter->runController(Object(App\Controllers\Administator))
#4 /var/www/html/wwo/system/CodeIgniter.php(312): CodeIgniter\CodeIgniter->handleRequest(NULL, Object(Config\Cache), false)
#5 /var/www/html/wwo/public/index.php(45): CodeIgniter\CodeIgniter->run()
#6 {main}
CRITICAL - 2020-10-02 06:34:25 --> Deletes are not allowed unless they contain a "where" or "like" clause.
#0 /var/www/html/wwo/system/Model.php(977): CodeIgniter\Database\BaseBuilder->delete()
#1 /var/www/html/wwo/app/Controllers/Administator.php(59): CodeIgniter\Model->delete('0')
#2 /var/www/html/wwo/system/CodeIgniter.php(918): App\Controllers\Administator->delUser('0')
#3 /var/www/html/wwo/system/CodeIgniter.php(404): CodeIgniter\CodeIgniter->runController(Object(App\Controllers\Administator))
#4 /var/www/html/wwo/system/CodeIgniter.php(312): CodeIgniter\CodeIgniter->handleRequest(NULL, Object(Config\Cache), false)
#5 /var/www/html/wwo/public/index.php(45): CodeIgniter\CodeIgniter->run()
#6 {main}
CRITICAL - 2020-10-02 06:34:27 --> Call to undefined function csrf_filed()
#0 /var/www/html/wwo/system/View/View.php(246): include()
#1 /var/www/html/wwo/system/Common.php(1119): CodeIgniter\View\View->render('admin/user/user...', Array, true)
#2 /var/www/html/wwo/app/Views/template_admin.php(10): view('admin/user/user...')
#3 /var/www/html/wwo/system/View/View.php(246): include('/var/www/html/w...')
#4 /var/www/html/wwo/system/Common.php(1119): CodeIgniter\View\View->render('template_admin', Array, true)
#5 /var/www/html/wwo/app/Controllers/Administator.php(25): view('template_admin', Array)
#6 /var/www/html/wwo/system/CodeIgniter.php(918): App\Controllers\Administator->user()
#7 /var/www/html/wwo/system/CodeIgniter.php(404): CodeIgniter\CodeIgniter->runController(Object(App\Controllers\Administator))
#8 /var/www/html/wwo/system/CodeIgniter.php(312): CodeIgniter\CodeIgniter->handleRequest(NULL, Object(Config\Cache), false)
#9 /var/www/html/wwo/public/index.php(45): CodeIgniter\CodeIgniter->run()
#10 {main}
CRITICAL - 2020-10-02 06:34:33 --> Call to undefined function csrf_filed()
#0 /var/www/html/wwo/system/View/View.php(246): include()
#1 /var/www/html/wwo/system/Common.php(1119): CodeIgniter\View\View->render('admin/user/user...', Array, true)
#2 /var/www/html/wwo/app/Views/template_admin.php(10): view('admin/user/user...')
#3 /var/www/html/wwo/system/View/View.php(246): include('/var/www/html/w...')
#4 /var/www/html/wwo/system/Common.php(1119): CodeIgniter\View\View->render('template_admin', Array, true)
#5 /var/www/html/wwo/app/Controllers/Administator.php(25): view('template_admin', Array)
#6 /var/www/html/wwo/system/CodeIgniter.php(918): App\Controllers\Administator->user()
#7 /var/www/html/wwo/system/CodeIgniter.php(404): CodeIgniter\CodeIgniter->runController(Object(App\Controllers\Administator))
#8 /var/www/html/wwo/system/CodeIgniter.php(312): CodeIgniter\CodeIgniter->handleRequest(NULL, Object(Config\Cache), false)
#9 /var/www/html/wwo/public/index.php(45): CodeIgniter\CodeIgniter->run()
#10 {main}
CRITICAL - 2020-10-02 06:34:34 --> Call to undefined function csrf_filed()
#0 /var/www/html/wwo/system/View/View.php(246): include()
#1 /var/www/html/wwo/system/Common.php(1119): CodeIgniter\View\View->render('admin/user/user...', Array, true)
#2 /var/www/html/wwo/app/Views/template_admin.php(10): view('admin/user/user...')
#3 /var/www/html/wwo/system/View/View.php(246): include('/var/www/html/w...')
#4 /var/www/html/wwo/system/Common.php(1119): CodeIgniter\View\View->render('template_admin', Array, true)
#5 /var/www/html/wwo/app/Controllers/Administator.php(25): view('template_admin', Array)
#6 /var/www/html/wwo/system/CodeIgniter.php(918): App\Controllers\Administator->user()
#7 /var/www/html/wwo/system/CodeIgniter.php(404): CodeIgniter\CodeIgniter->runController(Object(App\Controllers\Administator))
#8 /var/www/html/wwo/system/CodeIgniter.php(312): CodeIgniter\CodeIgniter->handleRequest(NULL, Object(Config\Cache), false)
#9 /var/www/html/wwo/public/index.php(45): CodeIgniter\CodeIgniter->run()
#10 {main}
CRITICAL - 2020-10-02 06:35:24 --> Deletes are not allowed unless they contain a "where" or "like" clause.
#0 /var/www/html/wwo/system/Model.php(977): CodeIgniter\Database\BaseBuilder->delete()
#1 /var/www/html/wwo/app/Controllers/Administator.php(59): CodeIgniter\Model->delete('0')
#2 /var/www/html/wwo/system/CodeIgniter.php(918): App\Controllers\Administator->delUser('0')
#3 /var/www/html/wwo/system/CodeIgniter.php(404): CodeIgniter\CodeIgniter->runController(Object(App\Controllers\Administator))
#4 /var/www/html/wwo/system/CodeIgniter.php(312): CodeIgniter\CodeIgniter->handleRequest(NULL, Object(Config\Cache), false)
#5 /var/www/html/wwo/public/index.php(45): CodeIgniter\CodeIgniter->run()
#6 {main}
CRITICAL - 2020-10-02 06:38:38 --> Deletes are not allowed unless they contain a "where" or "like" clause.
#0 /var/www/html/wwo/system/Model.php(977): CodeIgniter\Database\BaseBuilder->delete()
#1 /var/www/html/wwo/app/Controllers/Administator.php(59): CodeIgniter\Model->delete('0')
#2 /var/www/html/wwo/system/CodeIgniter.php(918): App\Controllers\Administator->delUser('0')
#3 /var/www/html/wwo/system/CodeIgniter.php(404): CodeIgniter\CodeIgniter->runController(Object(App\Controllers\Administator))
#4 /var/www/html/wwo/system/CodeIgniter.php(312): CodeIgniter\CodeIgniter->handleRequest(NULL, Object(Config\Cache), false)
#5 /var/www/html/wwo/public/index.php(45): CodeIgniter\CodeIgniter->run()
#6 {main}
CRITICAL - 2020-10-02 06:45:36 --> syntax error, unexpected ')', expecting variable (T_VARIABLE) or '{' or '$'
#0 /var/www/html/wwo/system/Router/Router.php(195): CodeIgniter\Router\Router->autoRoute('administator/de...')
#1 /var/www/html/wwo/system/CodeIgniter.php(793): CodeIgniter\Router\Router->handle('administator/de...')
#2 /var/www/html/wwo/system/CodeIgniter.php(364): CodeIgniter\CodeIgniter->tryToRouteIt(Object(CodeIgniter\Router\RouteCollection))
#3 /var/www/html/wwo/system/CodeIgniter.php(312): CodeIgniter\CodeIgniter->handleRequest(NULL, Object(Config\Cache), false)
#4 /var/www/html/wwo/public/index.php(45): CodeIgniter\CodeIgniter->run()
#5 {main}
CRITICAL - 2020-10-02 06:46:13 --> Deletes are not allowed unless they contain a "where" or "like" clause.
#0 /var/www/html/wwo/system/Model.php(977): CodeIgniter\Database\BaseBuilder->delete()
#1 /var/www/html/wwo/app/Controllers/Administator.php(59): CodeIgniter\Model->delete()
#2 /var/www/html/wwo/system/CodeIgniter.php(918): App\Controllers\Administator->delUser('0')
#3 /var/www/html/wwo/system/CodeIgniter.php(404): CodeIgniter\CodeIgniter->runController(Object(App\Controllers\Administator))
#4 /var/www/html/wwo/system/CodeIgniter.php(312): CodeIgniter\CodeIgniter->handleRequest(NULL, Object(Config\Cache), false)
#5 /var/www/html/wwo/public/index.php(45): CodeIgniter\CodeIgniter->run()
#6 {main}
CRITICAL - 2020-10-02 06:47:26 --> Deletes are not allowed unless they contain a "where" or "like" clause.
#0 /var/www/html/wwo/system/Model.php(977): CodeIgniter\Database\BaseBuilder->delete()
#1 /var/www/html/wwo/app/Controllers/Administator.php(59): CodeIgniter\Model->delete('0')
#2 /var/www/html/wwo/system/CodeIgniter.php(918): App\Controllers\Administator->delUser('0')
#3 /var/www/html/wwo/system/CodeIgniter.php(404): CodeIgniter\CodeIgniter->runController(Object(App\Controllers\Administator))
#4 /var/www/html/wwo/system/CodeIgniter.php(312): CodeIgniter\CodeIgniter->handleRequest(NULL, Object(Config\Cache), false)
#5 /var/www/html/wwo/public/index.php(45): CodeIgniter\CodeIgniter->run()
#6 {main}
CRITICAL - 2020-10-02 06:47:55 --> Deletes are not allowed unless they contain a "where" or "like" clause.
#0 /var/www/html/wwo/system/Model.php(977): CodeIgniter\Database\BaseBuilder->delete()
#1 /var/www/html/wwo/app/Controllers/Administator.php(59): CodeIgniter\Model->delete('0')
#2 /var/www/html/wwo/system/CodeIgniter.php(918): App\Controllers\Administator->delUser('0')
#3 /var/www/html/wwo/system/CodeIgniter.php(404): CodeIgniter\CodeIgniter->runController(Object(App\Controllers\Administator))
#4 /var/www/html/wwo/system/CodeIgniter.php(312): CodeIgniter\CodeIgniter->handleRequest(NULL, Object(Config\Cache), false)
#5 /var/www/html/wwo/public/index.php(45): CodeIgniter\CodeIgniter->run()
#6 {main}
CRITICAL - 2020-10-02 06:48:03 --> Deletes are not allowed unless they contain a "where" or "like" clause.
#0 /var/www/html/wwo/system/Model.php(977): CodeIgniter\Database\BaseBuilder->delete()
#1 /var/www/html/wwo/app/Controllers/Administator.php(59): CodeIgniter\Model->delete('0')
#2 /var/www/html/wwo/system/CodeIgniter.php(918): App\Controllers\Administator->delUser('0')
#3 /var/www/html/wwo/system/CodeIgniter.php(404): CodeIgniter\CodeIgniter->runController(Object(App\Controllers\Administator))
#4 /var/www/html/wwo/system/CodeIgniter.php(312): CodeIgniter\CodeIgniter->handleRequest(NULL, Object(Config\Cache), false)
#5 /var/www/html/wwo/public/index.php(45): CodeIgniter\CodeIgniter->run()
#6 {main}
CRITICAL - 2020-10-02 07:56:32 --> Deletes are not allowed unless they contain a "where" or "like" clause.
#0 /var/www/html/wwo/system/Model.php(977): CodeIgniter\Database\BaseBuilder->delete()
#1 /var/www/html/wwo/app/Controllers/Administator.php(59): CodeIgniter\Model->delete('0')
#2 /var/www/html/wwo/system/CodeIgniter.php(918): App\Controllers\Administator->delUser('0')
#3 /var/www/html/wwo/system/CodeIgniter.php(404): CodeIgniter\CodeIgniter->runController(Object(App\Controllers\Administator))
#4 /var/www/html/wwo/system/CodeIgniter.php(312): CodeIgniter\CodeIgniter->handleRequest(NULL, Object(Config\Cache), false)
#5 /var/www/html/wwo/public/index.php(45): CodeIgniter\CodeIgniter->run()
#6 {main}
CRITICAL - 2020-10-02 07:57:31 --> Deletes are not allowed unless they contain a "where" or "like" clause.
#0 /var/www/html/wwo/system/Model.php(977): CodeIgniter\Database\BaseBuilder->delete()
#1 /var/www/html/wwo/app/Controllers/Administator.php(61): CodeIgniter\Model->delete('0')
#2 /var/www/html/wwo/system/CodeIgniter.php(918): App\Controllers\Administator->delUser('0')
#3 /var/www/html/wwo/system/CodeIgniter.php(404): CodeIgniter\CodeIgniter->runController(Object(App\Controllers\Administator))
#4 /var/www/html/wwo/system/CodeIgniter.php(312): CodeIgniter\CodeIgniter->handleRequest(NULL, Object(Config\Cache), false)
#5 /var/www/html/wwo/public/index.php(45): CodeIgniter\CodeIgniter->run()
#6 {main}
CRITICAL - 2020-10-02 07:57:33 --> Deletes are not allowed unless they contain a "where" or "like" clause.
#0 /var/www/html/wwo/system/Model.php(977): CodeIgniter\Database\BaseBuilder->delete()
#1 /var/www/html/wwo/app/Controllers/Administator.php(61): CodeIgniter\Model->delete('0')
#2 /var/www/html/wwo/system/CodeIgniter.php(918): App\Controllers\Administator->delUser('0')
#3 /var/www/html/wwo/system/CodeIgniter.php(404): CodeIgniter\CodeIgniter->runController(Object(App\Controllers\Administator))
#4 /var/www/html/wwo/system/CodeIgniter.php(312): CodeIgniter\CodeIgniter->handleRequest(NULL, Object(Config\Cache), false)
#5 /var/www/html/wwo/public/index.php(45): CodeIgniter\CodeIgniter->run()
#6 {main}
CRITICAL - 2020-10-02 07:57:41 --> Deletes are not allowed unless they contain a "where" or "like" clause.
#0 /var/www/html/wwo/system/Model.php(977): CodeIgniter\Database\BaseBuilder->delete()
#1 /var/www/html/wwo/app/Controllers/Administator.php(61): CodeIgniter\Model->delete('0')
#2 /var/www/html/wwo/system/CodeIgniter.php(918): App\Controllers\Administator->delUser('0')
#3 /var/www/html/wwo/system/CodeIgniter.php(404): CodeIgniter\CodeIgniter->runController(Object(App\Controllers\Administator))
#4 /var/www/html/wwo/system/CodeIgniter.php(312): CodeIgniter\CodeIgniter->handleRequest(NULL, Object(Config\Cache), false)
#5 /var/www/html/wwo/public/index.php(45): CodeIgniter\CodeIgniter->run()
#6 {main}
CRITICAL - 2020-10-02 07:59:34 --> Deletes are not allowed unless they contain a "where" or "like" clause.
#0 /var/www/html/wwo/system/Model.php(977): CodeIgniter\Database\BaseBuilder->delete()
#1 /var/www/html/wwo/app/Controllers/Administator.php(61): CodeIgniter\Model->delete(NULL)
#2 /var/www/html/wwo/system/CodeIgniter.php(918): App\Controllers\Administator->delUser('0')
#3 /var/www/html/wwo/system/CodeIgniter.php(404): CodeIgniter\CodeIgniter->runController(Object(App\Controllers\Administator))
#4 /var/www/html/wwo/system/CodeIgniter.php(312): CodeIgniter\CodeIgniter->handleRequest(NULL, Object(Config\Cache), false)
#5 /var/www/html/wwo/public/index.php(45): CodeIgniter\CodeIgniter->run()
#6 {main}
CRITICAL - 2020-10-02 08:08:07 --> syntax error, unexpected 'if' (T_IF), expecting variable (T_VARIABLE) or '{' or '$'
#0 /var/www/html/wwo/system/CodeIgniter.php(364): CodeIgniter\CodeIgniter->tryToRouteIt(NULL)
#1 /var/www/html/wwo/system/CodeIgniter.php(312): CodeIgniter\CodeIgniter->handleRequest(NULL, Object(Config\Cache), false)
#2 /var/www/html/wwo/public/index.php(45): CodeIgniter\CodeIgniter->run()
#3 {main}
CRITICAL - 2020-10-02 08:08:09 --> syntax error, unexpected 'if' (T_IF), expecting variable (T_VARIABLE) or '{' or '$'
#0 /var/www/html/wwo/system/CodeIgniter.php(364): CodeIgniter\CodeIgniter->tryToRouteIt(NULL)
#1 /var/www/html/wwo/system/CodeIgniter.php(312): CodeIgniter\CodeIgniter->handleRequest(NULL, Object(Config\Cache), false)
#2 /var/www/html/wwo/public/index.php(45): CodeIgniter\CodeIgniter->run()
#3 {main}
CRITICAL - 2020-10-02 08:28:11 --> Deletes are not allowed unless they contain a "where" or "like" clause.
#0 /var/www/html/wwo/system/Model.php(977): CodeIgniter\Database\BaseBuilder->delete()
#1 /var/www/html/wwo/app/Controllers/Administator.php(59): CodeIgniter\Model->delete('0')
#2 /var/www/html/wwo/system/CodeIgniter.php(918): App\Controllers\Administator->delUser('0')
#3 /var/www/html/wwo/system/CodeIgniter.php(404): CodeIgniter\CodeIgniter->runController(Object(App\Controllers\Administator))
#4 /var/www/html/wwo/system/CodeIgniter.php(312): CodeIgniter\CodeIgniter->handleRequest(NULL, Object(Config\Cache), false)
#5 /var/www/html/wwo/public/index.php(45): CodeIgniter\CodeIgniter->run()
#6 {main}
CRITICAL - 2020-10-02 08:32:25 --> Deletes are not allowed unless they contain a "where" or "like" clause.
#0 /var/www/html/wwo/system/Model.php(977): CodeIgniter\Database\BaseBuilder->delete()
#1 /var/www/html/wwo/app/Controllers/Administator.php(59): CodeIgniter\Model->delete('0')
#2 /var/www/html/wwo/system/CodeIgniter.php(918): App\Controllers\Administator->delUser('0')
#3 /var/www/html/wwo/system/CodeIgniter.php(404): CodeIgniter\CodeIgniter->runController(Object(App\Controllers\Administator))
#4 /var/www/html/wwo/system/CodeIgniter.php(312): CodeIgniter\CodeIgniter->handleRequest(NULL, Object(Config\Cache), false)
#5 /var/www/html/wwo/public/index.php(45): CodeIgniter\CodeIgniter->run()
#6 {main}
CRITICAL - 2020-10-02 08:32:40 --> Deletes are not allowed unless they contain a "where" or "like" clause.
#0 /var/www/html/wwo/system/Model.php(977): CodeIgniter\Database\BaseBuilder->delete()
#1 /var/www/html/wwo/app/Controllers/Administator.php(59): CodeIgniter\Model->delete('0')
#2 /var/www/html/wwo/system/CodeIgniter.php(918): App\Controllers\Administator->delUser('0')
#3 /var/www/html/wwo/system/CodeIgniter.php(404): CodeIgniter\CodeIgniter->runController(Object(App\Controllers\Administator))
#4 /var/www/html/wwo/system/CodeIgniter.php(312): CodeIgniter\CodeIgniter->handleRequest(NULL, Object(Config\Cache), false)
#5 /var/www/html/wwo/public/index.php(45): CodeIgniter\CodeIgniter->run()
#6 {main}
CRITICAL - 2020-10-02 08:36:42 --> syntax error, unexpected '?>'
#0 /var/www/html/wwo/system/Common.php(1119): CodeIgniter\View\View->render('admin/user/user...', Array, true)
#1 /var/www/html/wwo/app/Views/template_admin.php(10): view('admin/user/user...')
#2 /var/www/html/wwo/system/View/View.php(246): include('/var/www/html/w...')
#3 /var/www/html/wwo/system/Common.php(1119): CodeIgniter\View\View->render('template_admin', Array, true)
#4 /var/www/html/wwo/app/Controllers/Administator.php(25): view('template_admin', Array)
#5 /var/www/html/wwo/system/CodeIgniter.php(918): App\Controllers\Administator->user()
#6 /var/www/html/wwo/system/CodeIgniter.php(404): CodeIgniter\CodeIgniter->runController(Object(App\Controllers\Administator))
#7 /var/www/html/wwo/system/CodeIgniter.php(312): CodeIgniter\CodeIgniter->handleRequest(NULL, Object(Config\Cache), false)
#8 /var/www/html/wwo/public/index.php(45): CodeIgniter\CodeIgniter->run()
#9 {main}
CRITICAL - 2020-10-02 20:16:15 --> A non-numeric value encountered
#0 /var/www/html/wwo/app/Views/admin/user/user_view.php(61): CodeIgniter\Debug\Exceptions->errorHandler(2, 'A non-numeric v...', '/var/www/html/w...', 61, Array)
#1 /var/www/html/wwo/system/View/View.php(246): include('/var/www/html/w...')
#2 /var/www/html/wwo/system/Common.php(1119): CodeIgniter\View\View->render('admin/user/user...', Array, true)
#3 /var/www/html/wwo/app/Views/template_admin.php(10): view('admin/user/user...')
#4 /var/www/html/wwo/system/View/View.php(246): include('/var/www/html/w...')
#5 /var/www/html/wwo/system/Common.php(1119): CodeIgniter\View\View->render('template_admin', Array, true)
#6 /var/www/html/wwo/app/Controllers/Administator.php(25): view('template_admin', Array)
#7 /var/www/html/wwo/system/CodeIgniter.php(918): App\Controllers\Administator->user()
#8 /var/www/html/wwo/system/CodeIgniter.php(404): CodeIgniter\CodeIgniter->runController(Object(App\Controllers\Administator))
#9 /var/www/html/wwo/system/CodeIgniter.php(312): CodeIgniter\CodeIgniter->handleRequest(NULL, Object(Config\Cache), false)
#10 /var/www/html/wwo/public/index.php(45): CodeIgniter\CodeIgniter->run()
#11 {main}
CRITICAL - 2020-10-02 20:16:16 --> A non-numeric value encountered
#0 /var/www/html/wwo/app/Views/admin/user/user_view.php(61): CodeIgniter\Debug\Exceptions->errorHandler(2, 'A non-numeric v...', '/var/www/html/w...', 61, Array)
#1 /var/www/html/wwo/system/View/View.php(246): include('/var/www/html/w...')
#2 /var/www/html/wwo/system/Common.php(1119): CodeIgniter\View\View->render('admin/user/user...', Array, true)
#3 /var/www/html/wwo/app/Views/template_admin.php(10): view('admin/user/user...')
#4 /var/www/html/wwo/system/View/View.php(246): include('/var/www/html/w...')
#5 /var/www/html/wwo/system/Common.php(1119): CodeIgniter\View\View->render('template_admin', Array, true)
#6 /var/www/html/wwo/app/Controllers/Administator.php(25): view('template_admin', Array)
#7 /var/www/html/wwo/system/CodeIgniter.php(918): App\Controllers\Administator->user()
#8 /var/www/html/wwo/system/CodeIgniter.php(404): CodeIgniter\CodeIgniter->runController(Object(App\Controllers\Administator))
#9 /var/www/html/wwo/system/CodeIgniter.php(312): CodeIgniter\CodeIgniter->handleRequest(NULL, Object(Config\Cache), false)
#10 /var/www/html/wwo/public/index.php(45): CodeIgniter\CodeIgniter->run()
#11 {main}
