CRITICAL - 2020-10-07 03:24:52 --> syntax error, unexpected 'echo' (T_ECHO)
#0 /var/www/html/wwo/system/Router/Router.php(195): CodeIgniter\Router\Router->autoRoute('administator/us...')
#1 /var/www/html/wwo/system/CodeIgniter.php(793): CodeIgniter\Router\Router->handle('administator/us...')
#2 /var/www/html/wwo/system/CodeIgniter.php(364): CodeIgniter\CodeIgniter->tryToRouteIt(Object(CodeIgniter\Router\RouteCollection))
#3 /var/www/html/wwo/system/CodeIgniter.php(312): CodeIgniter\CodeIgniter->handleRequest(NULL, Object(Config\Cache), false)
#4 /var/www/html/wwo/public/index.php(45): CodeIgniter\CodeIgniter->run()
#5 /var/www/html/wwo/system/Commands/Server/rewrite.php(34): require_once('/var/www/html/w...')
#6 {main}
CRITICAL - 2020-10-07 03:25:03 --> Invalid file: admin/user/edit_user.php
#0 /var/www/html/wwo/system/View/View.php(228): CodeIgniter\Exceptions\FrameworkException::forInvalidFile('admin/user/edit...')
#1 /var/www/html/wwo/system/Common.php(1119): CodeIgniter\View\View->render('admin/user/edit...', Array, true)
#2 /var/www/html/wwo/app/Views/template_admin.php(10): view('admin/user/edit...')
#3 /var/www/html/wwo/system/View/View.php(246): include('/var/www/html/w...')
#4 /var/www/html/wwo/system/Common.php(1119): CodeIgniter\View\View->render('template_admin', Array, true)
#5 /var/www/html/wwo/app/Controllers/Administator.php(72): view('template_admin', Array)
#6 /var/www/html/wwo/system/CodeIgniter.php(918): App\Controllers\Administator->editUser('1602029614')
#7 /var/www/html/wwo/system/CodeIgniter.php(404): CodeIgniter\CodeIgniter->runController(Object(App\Controllers\Administator))
#8 /var/www/html/wwo/system/CodeIgniter.php(312): CodeIgniter\CodeIgniter->handleRequest(NULL, Object(Config\Cache), false)
#9 /var/www/html/wwo/public/index.php(45): CodeIgniter\CodeIgniter->run()
#10 /var/www/html/wwo/system/Commands/Server/rewrite.php(34): require_once('/var/www/html/w...')
#11 {main}
CRITICAL - 2020-10-07 03:29:37 --> Cannot use object of type CodeIgniter\Database\MySQLi\Result as array
#0 /var/www/html/wwo/system/View/View.php(246): include()
#1 /var/www/html/wwo/system/Common.php(1119): CodeIgniter\View\View->render('admin/user/edit...', Array, true)
#2 /var/www/html/wwo/app/Views/template_admin.php(10): view('admin/user/edit...')
#3 /var/www/html/wwo/system/View/View.php(246): include('/var/www/html/w...')
#4 /var/www/html/wwo/system/Common.php(1119): CodeIgniter\View\View->render('template_admin', Array, true)
#5 /var/www/html/wwo/app/Controllers/Administator.php(72): view('template_admin', Array)
#6 /var/www/html/wwo/system/CodeIgniter.php(918): App\Controllers\Administator->editUser('1602029614')
#7 /var/www/html/wwo/system/CodeIgniter.php(404): CodeIgniter\CodeIgniter->runController(Object(App\Controllers\Administator))
#8 /var/www/html/wwo/system/CodeIgniter.php(312): CodeIgniter\CodeIgniter->handleRequest(NULL, Object(Config\Cache), false)
#9 /var/www/html/wwo/public/index.php(45): CodeIgniter\CodeIgniter->run()
#10 /var/www/html/wwo/system/Commands/Server/rewrite.php(34): require_once('/var/www/html/w...')
#11 {main}
CRITICAL - 2020-10-07 03:30:10 --> Cannot use object of type CodeIgniter\Database\MySQLi\Result as array
#0 /var/www/html/wwo/system/View/View.php(246): include()
#1 /var/www/html/wwo/system/Common.php(1119): CodeIgniter\View\View->render('admin/user/edit...', Array, true)
#2 /var/www/html/wwo/app/Views/template_admin.php(10): view('admin/user/edit...')
#3 /var/www/html/wwo/system/View/View.php(246): include('/var/www/html/w...')
#4 /var/www/html/wwo/system/Common.php(1119): CodeIgniter\View\View->render('template_admin', Array, true)
#5 /var/www/html/wwo/app/Controllers/Administator.php(72): view('template_admin', Array)
#6 /var/www/html/wwo/system/CodeIgniter.php(918): App\Controllers\Administator->editUser('1602029614')
#7 /var/www/html/wwo/system/CodeIgniter.php(404): CodeIgniter\CodeIgniter->runController(Object(App\Controllers\Administator))
#8 /var/www/html/wwo/system/CodeIgniter.php(312): CodeIgniter\CodeIgniter->handleRequest(NULL, Object(Config\Cache), false)
#9 /var/www/html/wwo/public/index.php(45): CodeIgniter\CodeIgniter->run()
#10 /var/www/html/wwo/system/Commands/Server/rewrite.php(34): require_once('/var/www/html/w...')
#11 {main}
CRITICAL - 2020-10-07 03:31:12 --> Undefined variable: id_user
#0 /var/www/html/wwo/app/Views/admin/user/edit_user.php(36): CodeIgniter\Debug\Exceptions->errorHandler(8, 'Undefined varia...', '/var/www/html/w...', 36, Array)
#1 /var/www/html/wwo/system/View/View.php(246): include('/var/www/html/w...')
#2 /var/www/html/wwo/system/Common.php(1119): CodeIgniter\View\View->render('admin/user/edit...', Array, true)
#3 /var/www/html/wwo/app/Views/template_admin.php(10): view('admin/user/edit...')
#4 /var/www/html/wwo/system/View/View.php(246): include('/var/www/html/w...')
#5 /var/www/html/wwo/system/Common.php(1119): CodeIgniter\View\View->render('template_admin', Array, true)
#6 /var/www/html/wwo/app/Controllers/Administator.php(72): view('template_admin', Array)
#7 /var/www/html/wwo/system/CodeIgniter.php(918): App\Controllers\Administator->editUser('1602029614')
#8 /var/www/html/wwo/system/CodeIgniter.php(404): CodeIgniter\CodeIgniter->runController(Object(App\Controllers\Administator))
#9 /var/www/html/wwo/system/CodeIgniter.php(312): CodeIgniter\CodeIgniter->handleRequest(NULL, Object(Config\Cache), false)
#10 /var/www/html/wwo/public/index.php(45): CodeIgniter\CodeIgniter->run()
#11 /var/www/html/wwo/system/Commands/Server/rewrite.php(34): require_once('/var/www/html/w...')
#12 {main}
CRITICAL - 2020-10-07 03:37:44 --> Call to undefined method CodeIgniter\Database\MySQLi\Connection::getWhere()
#0 /var/www/html/wwo/app/Controllers/Administator.php(69): App\Models\M_user->getUser('1602029614')
#1 /var/www/html/wwo/system/CodeIgniter.php(918): App\Controllers\Administator->editUser('1602029614')
#2 /var/www/html/wwo/system/CodeIgniter.php(404): CodeIgniter\CodeIgniter->runController(Object(App\Controllers\Administator))
#3 /var/www/html/wwo/system/CodeIgniter.php(312): CodeIgniter\CodeIgniter->handleRequest(NULL, Object(Config\Cache), false)
#4 /var/www/html/wwo/public/index.php(45): CodeIgniter\CodeIgniter->run()
#5 /var/www/html/wwo/system/Commands/Server/rewrite.php(34): require_once('/var/www/html/w...')
#6 {main}
CRITICAL - 2020-10-07 03:37:57 --> Call to undefined method CodeIgniter\Database\MySQLi\Connection::get_where()
#0 /var/www/html/wwo/app/Controllers/Administator.php(69): App\Models\M_user->getUser('1602029614')
#1 /var/www/html/wwo/system/CodeIgniter.php(918): App\Controllers\Administator->editUser('1602029614')
#2 /var/www/html/wwo/system/CodeIgniter.php(404): CodeIgniter\CodeIgniter->runController(Object(App\Controllers\Administator))
#3 /var/www/html/wwo/system/CodeIgniter.php(312): CodeIgniter\CodeIgniter->handleRequest(NULL, Object(Config\Cache), false)
#4 /var/www/html/wwo/public/index.php(45): CodeIgniter\CodeIgniter->run()
#5 /var/www/html/wwo/system/Commands/Server/rewrite.php(34): require_once('/var/www/html/w...')
#6 {main}
CRITICAL - 2020-10-07 03:38:00 --> Call to undefined method CodeIgniter\Database\MySQLi\Connection::get_where()
#0 /var/www/html/wwo/app/Controllers/Administator.php(69): App\Models\M_user->getUser('1602029614')
#1 /var/www/html/wwo/system/CodeIgniter.php(918): App\Controllers\Administator->editUser('1602029614')
#2 /var/www/html/wwo/system/CodeIgniter.php(404): CodeIgniter\CodeIgniter->runController(Object(App\Controllers\Administator))
#3 /var/www/html/wwo/system/CodeIgniter.php(312): CodeIgniter\CodeIgniter->handleRequest(NULL, Object(Config\Cache), false)
#4 /var/www/html/wwo/public/index.php(45): CodeIgniter\CodeIgniter->run()
#5 /var/www/html/wwo/system/Commands/Server/rewrite.php(34): require_once('/var/www/html/w...')
#6 {main}
CRITICAL - 2020-10-07 03:38:13 --> Call to undefined method CodeIgniter\Database\MySQLi\Connection::getWhere()
#0 /var/www/html/wwo/app/Controllers/Administator.php(69): App\Models\M_user->getUser('1602029614')
#1 /var/www/html/wwo/system/CodeIgniter.php(918): App\Controllers\Administator->editUser('1602029614')
#2 /var/www/html/wwo/system/CodeIgniter.php(404): CodeIgniter\CodeIgniter->runController(Object(App\Controllers\Administator))
#3 /var/www/html/wwo/system/CodeIgniter.php(312): CodeIgniter\CodeIgniter->handleRequest(NULL, Object(Config\Cache), false)
#4 /var/www/html/wwo/public/index.php(45): CodeIgniter\CodeIgniter->run()
#5 /var/www/html/wwo/system/Commands/Server/rewrite.php(34): require_once('/var/www/html/w...')
#6 {main}
CRITICAL - 2020-10-07 03:38:24 --> Undefined variable: table
#0 /var/www/html/wwo/app/Models/M_user.php(17): CodeIgniter\Debug\Exceptions->errorHandler(8, 'Undefined varia...', '/var/www/html/w...', 17, Array)
#1 /var/www/html/wwo/app/Controllers/Administator.php(69): App\Models\M_user->getUser('1602029614')
#2 /var/www/html/wwo/system/CodeIgniter.php(918): App\Controllers\Administator->editUser('1602029614')
#3 /var/www/html/wwo/system/CodeIgniter.php(404): CodeIgniter\CodeIgniter->runController(Object(App\Controllers\Administator))
#4 /var/www/html/wwo/system/CodeIgniter.php(312): CodeIgniter\CodeIgniter->handleRequest(NULL, Object(Config\Cache), false)
#5 /var/www/html/wwo/public/index.php(45): CodeIgniter\CodeIgniter->run()
#6 /var/www/html/wwo/system/Commands/Server/rewrite.php(34): require_once('/var/www/html/w...')
#7 {main}
CRITICAL - 2020-10-07 03:40:07 --> syntax error, unexpected '=>' (T_DOUBLE_ARROW), expecting ')'
#0 /var/www/html/wwo/system/Autoloader/Autoloader.php(296): CodeIgniter\Autoloader\Autoloader->requireFile('/var/www/html/w...')
#1 /var/www/html/wwo/system/Autoloader/Autoloader.php(258): CodeIgniter\Autoloader\Autoloader->loadInNamespace('App\\Models\\M_us...')
#2 [internal function]: CodeIgniter\Autoloader\Autoloader->loadClass('App\\Models\\M_us...')
#3 /var/www/html/wwo/app/Controllers/Administator.php(10): spl_autoload_call('App\\Models\\M_us...')
#4 /var/www/html/wwo/system/CodeIgniter.php(890): App\Controllers\Administator->__construct()
#5 /var/www/html/wwo/system/CodeIgniter.php(399): CodeIgniter\CodeIgniter->createController()
#6 /var/www/html/wwo/system/CodeIgniter.php(312): CodeIgniter\CodeIgniter->handleRequest(NULL, Object(Config\Cache), false)
#7 /var/www/html/wwo/public/index.php(45): CodeIgniter\CodeIgniter->run()
#8 /var/www/html/wwo/system/Commands/Server/rewrite.php(34): require_once('/var/www/html/w...')
#9 {main}
CRITICAL - 2020-10-07 03:45:40 --> Undefined index: id_user
#0 /var/www/html/wwo/app/Views/admin/user/edit_user.php(36): CodeIgniter\Debug\Exceptions->errorHandler(8, 'Undefined index...', '/var/www/html/w...', 36, Array)
#1 /var/www/html/wwo/system/View/View.php(246): include('/var/www/html/w...')
#2 /var/www/html/wwo/system/Common.php(1119): CodeIgniter\View\View->render('admin/user/edit...', Array, true)
#3 /var/www/html/wwo/app/Views/template_admin.php(10): view('admin/user/edit...')
#4 /var/www/html/wwo/system/View/View.php(246): include('/var/www/html/w...')
#5 /var/www/html/wwo/system/Common.php(1119): CodeIgniter\View\View->render('template_admin', Array, true)
#6 /var/www/html/wwo/app/Controllers/Administator.php(73): view('template_admin', Array)
#7 /var/www/html/wwo/system/CodeIgniter.php(918): App\Controllers\Administator->updateUser('1602029614')
#8 /var/www/html/wwo/system/CodeIgniter.php(404): CodeIgniter\CodeIgniter->runController(Object(App\Controllers\Administator))
#9 /var/www/html/wwo/system/CodeIgniter.php(312): CodeIgniter\CodeIgniter->handleRequest(NULL, Object(Config\Cache), false)
#10 /var/www/html/wwo/public/index.php(45): CodeIgniter\CodeIgniter->run()
#11 /var/www/html/wwo/system/Commands/Server/rewrite.php(34): require_once('/var/www/html/w...')
#12 {main}
CRITICAL - 2020-10-07 03:51:21 --> Cannot use object of type App\Models\M_user as array
#0 /var/www/html/wwo/system/View/View.php(246): include()
#1 /var/www/html/wwo/system/Common.php(1119): CodeIgniter\View\View->render('admin/user/edit...', Array, true)
#2 /var/www/html/wwo/app/Views/template_admin.php(10): view('admin/user/edit...')
#3 /var/www/html/wwo/system/View/View.php(246): include('/var/www/html/w...')
#4 /var/www/html/wwo/system/Common.php(1119): CodeIgniter\View\View->render('template_admin', Array, true)
#5 /var/www/html/wwo/app/Controllers/Administator.php(73): view('template_admin', Array)
#6 /var/www/html/wwo/system/CodeIgniter.php(918): App\Controllers\Administator->updateUser('1602029614')
#7 /var/www/html/wwo/system/CodeIgniter.php(404): CodeIgniter\CodeIgniter->runController(Object(App\Controllers\Administator))
#8 /var/www/html/wwo/system/CodeIgniter.php(312): CodeIgniter\CodeIgniter->handleRequest(NULL, Object(Config\Cache), false)
#9 /var/www/html/wwo/public/index.php(45): CodeIgniter\CodeIgniter->run()
#10 /var/www/html/wwo/system/Commands/Server/rewrite.php(34): require_once('/var/www/html/w...')
#11 {main}
CRITICAL - 2020-10-07 03:59:54 --> Too few arguments to function App\Controllers\Administator::updateUser(), 0 passed in /var/www/html/wwo/system/CodeIgniter.php on line 918 and exactly 1 expected
#0 /var/www/html/wwo/system/CodeIgniter.php(918): App\Controllers\Administator->updateUser()
#1 /var/www/html/wwo/system/CodeIgniter.php(404): CodeIgniter\CodeIgniter->runController(Object(App\Controllers\Administator))
#2 /var/www/html/wwo/system/CodeIgniter.php(312): CodeIgniter\CodeIgniter->handleRequest(NULL, Object(Config\Cache), false)
#3 /var/www/html/wwo/public/index.php(45): CodeIgniter\CodeIgniter->run()
#4 /var/www/html/wwo/system/Commands/Server/rewrite.php(34): require_once('/var/www/html/w...')
#5 {main}
CRITICAL - 2020-10-07 04:00:11 --> Too few arguments to function App\Controllers\Administator::updateUser(), 0 passed in /var/www/html/wwo/system/CodeIgniter.php on line 918 and exactly 1 expected
#0 /var/www/html/wwo/system/CodeIgniter.php(918): App\Controllers\Administator->updateUser()
#1 /var/www/html/wwo/system/CodeIgniter.php(404): CodeIgniter\CodeIgniter->runController(Object(App\Controllers\Administator))
#2 /var/www/html/wwo/system/CodeIgniter.php(312): CodeIgniter\CodeIgniter->handleRequest(NULL, Object(Config\Cache), false)
#3 /var/www/html/wwo/public/index.php(45): CodeIgniter\CodeIgniter->run()
#4 /var/www/html/wwo/system/Commands/Server/rewrite.php(34): require_once('/var/www/html/w...')
#5 {main}
