CRITICAL - 2020-10-06 00:01:53 --> syntax error, unexpected '$db' (T_VARIABLE), expecting function (T_FUNCTION) or const (T_CONST)
#0 /var/www/html/wwo/system/Autoloader/Autoloader.php(296): CodeIgniter\Autoloader\Autoloader->requireFile('/var/www/html/w...')
#1 /var/www/html/wwo/system/Autoloader/Autoloader.php(258): CodeIgniter\Autoloader\Autoloader->loadInNamespace('App\\Controllers...')
#2 [internal function]: CodeIgniter\Autoloader\Autoloader->loadClass('App\\Controllers...')
#3 /var/www/html/wwo/app/Controllers/Home.php(3): spl_autoload_call('App\\Controllers...')
#4 /var/www/html/wwo/system/Autoloader/Autoloader.php(365): require_once('/var/www/html/w...')
#5 /var/www/html/wwo/system/Autoloader/Autoloader.php(296): CodeIgniter\Autoloader\Autoloader->requireFile('/var/www/html/w...')
#6 /var/www/html/wwo/system/Autoloader/Autoloader.php(258): CodeIgniter\Autoloader\Autoloader->loadInNamespace('App\\Controllers...')
#7 [internal function]: CodeIgniter\Autoloader\Autoloader->loadClass('App\\Controllers...')
#8 [internal function]: spl_autoload_call('App\\Controllers...')
#9 /var/www/html/wwo/system/CodeIgniter.php(869): class_exists('\\App\\Controller...', true)
#10 /var/www/html/wwo/system/CodeIgniter.php(394): CodeIgniter\CodeIgniter->startController()
#11 /var/www/html/wwo/system/CodeIgniter.php(312): CodeIgniter\CodeIgniter->handleRequest(NULL, Object(Config\Cache), false)
#12 /var/www/html/wwo/public/index.php(45): CodeIgniter\CodeIgniter->run()
#13 /var/www/html/wwo/system/Commands/Server/rewrite.php(34): require_once('/var/www/html/w...')
#14 {main}
CRITICAL - 2020-10-06 00:01:59 --> syntax error, unexpected '$db' (T_VARIABLE), expecting function (T_FUNCTION) or const (T_CONST)
#0 /var/www/html/wwo/system/Autoloader/Autoloader.php(296): CodeIgniter\Autoloader\Autoloader->requireFile('/var/www/html/w...')
#1 /var/www/html/wwo/system/Autoloader/Autoloader.php(258): CodeIgniter\Autoloader\Autoloader->loadInNamespace('App\\Controllers...')
#2 [internal function]: CodeIgniter\Autoloader\Autoloader->loadClass('App\\Controllers...')
#3 /var/www/html/wwo/app/Controllers/Administator.php(6): spl_autoload_call('App\\Controllers...')
#4 /var/www/html/wwo/system/Autoloader/Autoloader.php(365): require_once('/var/www/html/w...')
#5 /var/www/html/wwo/system/Autoloader/Autoloader.php(296): CodeIgniter\Autoloader\Autoloader->requireFile('/var/www/html/w...')
#6 /var/www/html/wwo/system/Autoloader/Autoloader.php(258): CodeIgniter\Autoloader\Autoloader->loadInNamespace('App\\Controllers...')
#7 [internal function]: CodeIgniter\Autoloader\Autoloader->loadClass('App\\Controllers...')
#8 [internal function]: spl_autoload_call('App\\Controllers...')
#9 /var/www/html/wwo/system/CodeIgniter.php(869): class_exists('\\App\\Controller...', true)
#10 /var/www/html/wwo/system/CodeIgniter.php(394): CodeIgniter\CodeIgniter->startController()
#11 /var/www/html/wwo/system/CodeIgniter.php(312): CodeIgniter\CodeIgniter->handleRequest(NULL, Object(Config\Cache), false)
#12 /var/www/html/wwo/public/index.php(45): CodeIgniter\CodeIgniter->run()
#13 /var/www/html/wwo/system/Commands/Server/rewrite.php(34): require_once('/var/www/html/w...')
#14 {main}
CRITICAL - 2020-10-06 00:02:19 --> syntax error, unexpected '$db' (T_VARIABLE), expecting function (T_FUNCTION) or const (T_CONST)
#0 /var/www/html/wwo/system/Autoloader/Autoloader.php(296): CodeIgniter\Autoloader\Autoloader->requireFile('/var/www/html/w...')
#1 /var/www/html/wwo/system/Autoloader/Autoloader.php(258): CodeIgniter\Autoloader\Autoloader->loadInNamespace('App\\Controllers...')
#2 [internal function]: CodeIgniter\Autoloader\Autoloader->loadClass('App\\Controllers...')
#3 /var/www/html/wwo/app/Controllers/Administator.php(6): spl_autoload_call('App\\Controllers...')
#4 /var/www/html/wwo/system/Autoloader/Autoloader.php(365): require_once('/var/www/html/w...')
#5 /var/www/html/wwo/system/Autoloader/Autoloader.php(296): CodeIgniter\Autoloader\Autoloader->requireFile('/var/www/html/w...')
#6 /var/www/html/wwo/system/Autoloader/Autoloader.php(258): CodeIgniter\Autoloader\Autoloader->loadInNamespace('App\\Controllers...')
#7 [internal function]: CodeIgniter\Autoloader\Autoloader->loadClass('App\\Controllers...')
#8 [internal function]: spl_autoload_call('App\\Controllers...')
#9 /var/www/html/wwo/system/CodeIgniter.php(869): class_exists('\\App\\Controller...', true)
#10 /var/www/html/wwo/system/CodeIgniter.php(394): CodeIgniter\CodeIgniter->startController()
#11 /var/www/html/wwo/system/CodeIgniter.php(312): CodeIgniter\CodeIgniter->handleRequest(NULL, Object(Config\Cache), false)
#12 /var/www/html/wwo/public/index.php(45): CodeIgniter\CodeIgniter->run()
#13 /var/www/html/wwo/system/Commands/Server/rewrite.php(34): require_once('/var/www/html/w...')
#14 {main}
CRITICAL - 2020-10-06 00:30:57 --> Too few arguments to function CodeIgniter\Model::save(), 0 passed in /var/www/html/wwo/app/Controllers/Administator.php on line 58 and exactly 1 expected
#0 /var/www/html/wwo/app/Controllers/Administator.php(58): CodeIgniter\Model->save()
#1 /var/www/html/wwo/system/CodeIgniter.php(918): App\Controllers\Administator->saveUser()
#2 /var/www/html/wwo/system/CodeIgniter.php(404): CodeIgniter\CodeIgniter->runController(Object(App\Controllers\Administator))
#3 /var/www/html/wwo/system/CodeIgniter.php(312): CodeIgniter\CodeIgniter->handleRequest(NULL, Object(Config\Cache), false)
#4 /var/www/html/wwo/public/index.php(45): CodeIgniter\CodeIgniter->run()
#5 /var/www/html/wwo/system/Commands/Server/rewrite.php(34): require_once('/var/www/html/w...')
#6 {main}
CRITICAL - 2020-10-06 09:00:50 --> Too few arguments to function CodeIgniter\Model::save(), 0 passed in /var/www/html/wwo/app/Controllers/Administator.php on line 58 and exactly 1 expected
#0 /var/www/html/wwo/app/Controllers/Administator.php(58): CodeIgniter\Model->save()
#1 /var/www/html/wwo/system/CodeIgniter.php(918): App\Controllers\Administator->saveUser()
#2 /var/www/html/wwo/system/CodeIgniter.php(404): CodeIgniter\CodeIgniter->runController(Object(App\Controllers\Administator))
#3 /var/www/html/wwo/system/CodeIgniter.php(312): CodeIgniter\CodeIgniter->handleRequest(NULL, Object(Config\Cache), false)
#4 /var/www/html/wwo/public/index.php(45): CodeIgniter\CodeIgniter->run()
#5 /var/www/html/wwo/system/Commands/Server/rewrite.php(34): require_once('/var/www/html/w...')
#6 {main}
CRITICAL - 2020-10-06 09:36:14 --> Too few arguments to function CodeIgniter\Model::save(), 0 passed in /var/www/html/wwo/app/Controllers/Administator.php on line 58 and exactly 1 expected
#0 /var/www/html/wwo/app/Controllers/Administator.php(58): CodeIgniter\Model->save()
#1 /var/www/html/wwo/system/CodeIgniter.php(918): App\Controllers\Administator->saveUser()
#2 /var/www/html/wwo/system/CodeIgniter.php(404): CodeIgniter\CodeIgniter->runController(Object(App\Controllers\Administator))
#3 /var/www/html/wwo/system/CodeIgniter.php(312): CodeIgniter\CodeIgniter->handleRequest(NULL, Object(Config\Cache), false)
#4 /var/www/html/wwo/public/index.php(45): CodeIgniter\CodeIgniter->run()
#5 /var/www/html/wwo/system/Commands/Server/rewrite.php(34): require_once('/var/www/html/w...')
#6 {main}
CRITICAL - 2020-10-06 19:03:37 --> syntax error, unexpected ''inputEmail'' (T_CONSTANT_ENCAPSED_STRING), expecting ']'
#0 /var/www/html/wwo/system/Router/Router.php(195): CodeIgniter\Router\Router->autoRoute('administator/ad...')
#1 /var/www/html/wwo/system/CodeIgniter.php(793): CodeIgniter\Router\Router->handle('administator/ad...')
#2 /var/www/html/wwo/system/CodeIgniter.php(364): CodeIgniter\CodeIgniter->tryToRouteIt(Object(CodeIgniter\Router\RouteCollection))
#3 /var/www/html/wwo/system/CodeIgniter.php(312): CodeIgniter\CodeIgniter->handleRequest(NULL, Object(Config\Cache), false)
#4 /var/www/html/wwo/public/index.php(45): CodeIgniter\CodeIgniter->run()
#5 /var/www/html/wwo/system/Commands/Server/rewrite.php(34): require_once('/var/www/html/w...')
#6 {main}
CRITICAL - 2020-10-06 19:03:46 --> syntax error, unexpected ''inputEmail'' (T_CONSTANT_ENCAPSED_STRING), expecting ']'
#0 /var/www/html/wwo/system/Router/Router.php(195): CodeIgniter\Router\Router->autoRoute('administator/us...')
#1 /var/www/html/wwo/system/CodeIgniter.php(793): CodeIgniter\Router\Router->handle('administator/us...')
#2 /var/www/html/wwo/system/CodeIgniter.php(364): CodeIgniter\CodeIgniter->tryToRouteIt(Object(CodeIgniter\Router\RouteCollection))
#3 /var/www/html/wwo/system/CodeIgniter.php(312): CodeIgniter\CodeIgniter->handleRequest(NULL, Object(Config\Cache), false)
#4 /var/www/html/wwo/public/index.php(45): CodeIgniter\CodeIgniter->run()
#5 /var/www/html/wwo/system/Commands/Server/rewrite.php(34): require_once('/var/www/html/w...')
#6 {main}
CRITICAL - 2020-10-06 19:03:59 --> syntax error, unexpected ''inputEmail'' (T_CONSTANT_ENCAPSED_STRING), expecting ']'
#0 /var/www/html/wwo/system/Autoloader/Autoloader.php(296): CodeIgniter\Autoloader\Autoloader->requireFile('/var/www/html/w...')
#1 /var/www/html/wwo/system/Autoloader/Autoloader.php(258): CodeIgniter\Autoloader\Autoloader->loadInNamespace('App\\Controllers...')
#2 [internal function]: CodeIgniter\Autoloader\Autoloader->loadClass('App\\Controllers...')
#3 [internal function]: spl_autoload_call('App\\Controllers...')
#4 /var/www/html/wwo/system/CodeIgniter.php(869): class_exists('\\App\\Controller...', true)
#5 /var/www/html/wwo/system/CodeIgniter.php(394): CodeIgniter\CodeIgniter->startController()
#6 /var/www/html/wwo/system/CodeIgniter.php(312): CodeIgniter\CodeIgniter->handleRequest(NULL, Object(Config\Cache), false)
#7 /var/www/html/wwo/public/index.php(45): CodeIgniter\CodeIgniter->run()
#8 /var/www/html/wwo/system/Commands/Server/rewrite.php(34): require_once('/var/www/html/w...')
#9 {main}
CRITICAL - 2020-10-06 19:04:21 --> syntax error, unexpected ''inputEmail'' (T_CONSTANT_ENCAPSED_STRING), expecting ']'
#0 /var/www/html/wwo/system/Autoloader/Autoloader.php(296): CodeIgniter\Autoloader\Autoloader->requireFile('/var/www/html/w...')
#1 /var/www/html/wwo/system/Autoloader/Autoloader.php(258): CodeIgniter\Autoloader\Autoloader->loadInNamespace('App\\Controllers...')
#2 [internal function]: CodeIgniter\Autoloader\Autoloader->loadClass('App\\Controllers...')
#3 [internal function]: spl_autoload_call('App\\Controllers...')
#4 /var/www/html/wwo/system/CodeIgniter.php(869): class_exists('\\App\\Controller...', true)
#5 /var/www/html/wwo/system/CodeIgniter.php(394): CodeIgniter\CodeIgniter->startController()
#6 /var/www/html/wwo/system/CodeIgniter.php(312): CodeIgniter\CodeIgniter->handleRequest(NULL, Object(Config\Cache), false)
#7 /var/www/html/wwo/public/index.php(45): CodeIgniter\CodeIgniter->run()
#8 /var/www/html/wwo/system/Commands/Server/rewrite.php(34): require_once('/var/www/html/w...')
#9 {main}
CRITICAL - 2020-10-06 19:04:22 --> syntax error, unexpected ''inputEmail'' (T_CONSTANT_ENCAPSED_STRING), expecting ']'
#0 /var/www/html/wwo/system/Autoloader/Autoloader.php(296): CodeIgniter\Autoloader\Autoloader->requireFile('/var/www/html/w...')
#1 /var/www/html/wwo/system/Autoloader/Autoloader.php(258): CodeIgniter\Autoloader\Autoloader->loadInNamespace('App\\Controllers...')
#2 [internal function]: CodeIgniter\Autoloader\Autoloader->loadClass('App\\Controllers...')
#3 [internal function]: spl_autoload_call('App\\Controllers...')
#4 /var/www/html/wwo/system/CodeIgniter.php(869): class_exists('\\App\\Controller...', true)
#5 /var/www/html/wwo/system/CodeIgniter.php(394): CodeIgniter\CodeIgniter->startController()
#6 /var/www/html/wwo/system/CodeIgniter.php(312): CodeIgniter\CodeIgniter->handleRequest(NULL, Object(Config\Cache), false)
#7 /var/www/html/wwo/public/index.php(45): CodeIgniter\CodeIgniter->run()
#8 /var/www/html/wwo/system/Commands/Server/rewrite.php(34): require_once('/var/www/html/w...')
#9 {main}
CRITICAL - 2020-10-06 19:04:23 --> syntax error, unexpected ''inputEmail'' (T_CONSTANT_ENCAPSED_STRING), expecting ']'
#0 /var/www/html/wwo/system/Autoloader/Autoloader.php(296): CodeIgniter\Autoloader\Autoloader->requireFile('/var/www/html/w...')
#1 /var/www/html/wwo/system/Autoloader/Autoloader.php(258): CodeIgniter\Autoloader\Autoloader->loadInNamespace('App\\Controllers...')
#2 [internal function]: CodeIgniter\Autoloader\Autoloader->loadClass('App\\Controllers...')
#3 [internal function]: spl_autoload_call('App\\Controllers...')
#4 /var/www/html/wwo/system/CodeIgniter.php(869): class_exists('\\App\\Controller...', true)
#5 /var/www/html/wwo/system/CodeIgniter.php(394): CodeIgniter\CodeIgniter->startController()
#6 /var/www/html/wwo/system/CodeIgniter.php(312): CodeIgniter\CodeIgniter->handleRequest(NULL, Object(Config\Cache), false)
#7 /var/www/html/wwo/public/index.php(45): CodeIgniter\CodeIgniter->run()
#8 /var/www/html/wwo/system/Commands/Server/rewrite.php(34): require_once('/var/www/html/w...')
#9 {main}
