CRITICAL - 2020-10-03 22:41:14 --> Unable to connect to the database.
#0 /var/www/html/wwo/system/Database/BaseConnection.php(646): CodeIgniter\Database\BaseConnection->initialize()
#1 /var/www/html/wwo/system/Database/BaseBuilder.php(1860): CodeIgniter\Database\BaseConnection->query('SELECT *\nFROM `...', Array, false)
#2 /var/www/html/wwo/system/Model.php(462): CodeIgniter\Database\BaseBuilder->get()
#3 /var/www/html/wwo/app/Controllers/Administator.php(21): CodeIgniter\Model->findAll()
#4 /var/www/html/wwo/system/CodeIgniter.php(918): App\Controllers\Administator->user()
#5 /var/www/html/wwo/system/CodeIgniter.php(404): CodeIgniter\CodeIgniter->runController(Object(App\Controllers\Administator))
#6 /var/www/html/wwo/system/CodeIgniter.php(312): CodeIgniter\CodeIgniter->handleRequest(NULL, Object(Config\Cache), false)
#7 /var/www/html/wwo/public/index.php(45): CodeIgniter\CodeIgniter->run()
#8 /var/www/html/wwo/system/Commands/Server/rewrite.php(34): require_once('/var/www/html/w...')
#9 {main}
CRITICAL - 2020-10-03 22:41:14 --> Uncaught ErrorException: print_r(): Property access is not allowed yet in /var/www/html/wwo/app/Views/errors/html/error_exception.php:100
Stack trace:
#0 [internal function]: CodeIgniter\Debug\Exceptions->errorHandler(2, 'print_r(): Prop...', '/var/www/html/w...', 100, Array)
#1 /var/www/html/wwo/app/Views/errors/html/error_exception.php(100): print_r(Object(App\Controllers\Administator), true)
#2 /var/www/html/wwo/system/Debug/Exceptions.php(308): include('/var/www/html/w...')
#3 /var/www/html/wwo/system/Debug/Exceptions.php(174): CodeIgniter\Debug\Exceptions->render(Object(CodeIgniter\Database\Exceptions\DatabaseException), 500)
#4 [internal function]: CodeIgniter\Debug\Exceptions->exceptionHandler(Object(CodeIgniter\Database\Exceptions\DatabaseException))
#5 {main}
  thrown
#0 [internal function]: CodeIgniter\Debug\Exceptions->shutdownHandler()
#1 {main}
CRITICAL - 2020-10-03 22:56:42 --> Unable to connect to the database.
#0 /var/www/html/wwo/system/Database/BaseConnection.php(646): CodeIgniter\Database\BaseConnection->initialize()
#1 /var/www/html/wwo/system/Database/BaseBuilder.php(1860): CodeIgniter\Database\BaseConnection->query('SELECT *\nFROM `...', Array, false)
#2 /var/www/html/wwo/system/Model.php(462): CodeIgniter\Database\BaseBuilder->get()
#3 /var/www/html/wwo/app/Controllers/Administator.php(21): CodeIgniter\Model->findAll()
#4 /var/www/html/wwo/system/CodeIgniter.php(918): App\Controllers\Administator->user()
#5 /var/www/html/wwo/system/CodeIgniter.php(404): CodeIgniter\CodeIgniter->runController(Object(App\Controllers\Administator))
#6 /var/www/html/wwo/system/CodeIgniter.php(312): CodeIgniter\CodeIgniter->handleRequest(NULL, Object(Config\Cache), false)
#7 /var/www/html/wwo/public/index.php(45): CodeIgniter\CodeIgniter->run()
#8 /var/www/html/wwo/system/Commands/Server/rewrite.php(34): require_once('/var/www/html/w...')
#9 {main}
CRITICAL - 2020-10-03 22:56:42 --> Uncaught ErrorException: print_r(): Property access is not allowed yet in /var/www/html/wwo/app/Views/errors/html/error_exception.php:100
Stack trace:
#0 [internal function]: CodeIgniter\Debug\Exceptions->errorHandler(2, 'print_r(): Prop...', '/var/www/html/w...', 100, Array)
#1 /var/www/html/wwo/app/Views/errors/html/error_exception.php(100): print_r(Object(App\Controllers\Administator), true)
#2 /var/www/html/wwo/system/Debug/Exceptions.php(308): include('/var/www/html/w...')
#3 /var/www/html/wwo/system/Debug/Exceptions.php(174): CodeIgniter\Debug\Exceptions->render(Object(CodeIgniter\Database\Exceptions\DatabaseException), 500)
#4 [internal function]: CodeIgniter\Debug\Exceptions->exceptionHandler(Object(CodeIgniter\Database\Exceptions\DatabaseException))
#5 {main}
  thrown
#0 [internal function]: CodeIgniter\Debug\Exceptions->shutdownHandler()
#1 {main}
CRITICAL - 2020-10-03 22:56:43 --> Unable to connect to the database.
#0 /var/www/html/wwo/system/Database/BaseConnection.php(646): CodeIgniter\Database\BaseConnection->initialize()
#1 /var/www/html/wwo/system/Database/BaseBuilder.php(1860): CodeIgniter\Database\BaseConnection->query('SELECT *\nFROM `...', Array, false)
#2 /var/www/html/wwo/system/Model.php(462): CodeIgniter\Database\BaseBuilder->get()
#3 /var/www/html/wwo/app/Controllers/Administator.php(21): CodeIgniter\Model->findAll()
#4 /var/www/html/wwo/system/CodeIgniter.php(918): App\Controllers\Administator->user()
#5 /var/www/html/wwo/system/CodeIgniter.php(404): CodeIgniter\CodeIgniter->runController(Object(App\Controllers\Administator))
#6 /var/www/html/wwo/system/CodeIgniter.php(312): CodeIgniter\CodeIgniter->handleRequest(NULL, Object(Config\Cache), false)
#7 /var/www/html/wwo/public/index.php(45): CodeIgniter\CodeIgniter->run()
#8 /var/www/html/wwo/system/Commands/Server/rewrite.php(34): require_once('/var/www/html/w...')
#9 {main}
CRITICAL - 2020-10-03 22:56:43 --> Uncaught ErrorException: print_r(): Property access is not allowed yet in /var/www/html/wwo/app/Views/errors/html/error_exception.php:100
Stack trace:
#0 [internal function]: CodeIgniter\Debug\Exceptions->errorHandler(2, 'print_r(): Prop...', '/var/www/html/w...', 100, Array)
#1 /var/www/html/wwo/app/Views/errors/html/error_exception.php(100): print_r(Object(App\Controllers\Administator), true)
#2 /var/www/html/wwo/system/Debug/Exceptions.php(308): include('/var/www/html/w...')
#3 /var/www/html/wwo/system/Debug/Exceptions.php(174): CodeIgniter\Debug\Exceptions->render(Object(CodeIgniter\Database\Exceptions\DatabaseException), 500)
#4 [internal function]: CodeIgniter\Debug\Exceptions->exceptionHandler(Object(CodeIgniter\Database\Exceptions\DatabaseException))
#5 {main}
  thrown
#0 [internal function]: CodeIgniter\Debug\Exceptions->shutdownHandler()
#1 {main}
CRITICAL - 2020-10-03 22:57:36 --> Unable to connect to the database.
#0 /var/www/html/wwo/system/Database/BaseConnection.php(646): CodeIgniter\Database\BaseConnection->initialize()
#1 /var/www/html/wwo/system/Database/BaseBuilder.php(1860): CodeIgniter\Database\BaseConnection->query('SELECT *\nFROM `...', Array, false)
#2 /var/www/html/wwo/system/Model.php(462): CodeIgniter\Database\BaseBuilder->get()
#3 /var/www/html/wwo/app/Controllers/Administator.php(21): CodeIgniter\Model->findAll()
#4 /var/www/html/wwo/system/CodeIgniter.php(918): App\Controllers\Administator->user()
#5 /var/www/html/wwo/system/CodeIgniter.php(404): CodeIgniter\CodeIgniter->runController(Object(App\Controllers\Administator))
#6 /var/www/html/wwo/system/CodeIgniter.php(312): CodeIgniter\CodeIgniter->handleRequest(NULL, Object(Config\Cache), false)
#7 /var/www/html/wwo/public/index.php(45): CodeIgniter\CodeIgniter->run()
#8 /var/www/html/wwo/system/Commands/Server/rewrite.php(34): require_once('/var/www/html/w...')
#9 {main}
CRITICAL - 2020-10-03 22:57:36 --> Uncaught ErrorException: print_r(): Property access is not allowed yet in /var/www/html/wwo/app/Views/errors/html/error_exception.php:100
Stack trace:
#0 [internal function]: CodeIgniter\Debug\Exceptions->errorHandler(2, 'print_r(): Prop...', '/var/www/html/w...', 100, Array)
#1 /var/www/html/wwo/app/Views/errors/html/error_exception.php(100): print_r(Object(App\Controllers\Administator), true)
#2 /var/www/html/wwo/system/Debug/Exceptions.php(308): include('/var/www/html/w...')
#3 /var/www/html/wwo/system/Debug/Exceptions.php(174): CodeIgniter\Debug\Exceptions->render(Object(CodeIgniter\Database\Exceptions\DatabaseException), 500)
#4 [internal function]: CodeIgniter\Debug\Exceptions->exceptionHandler(Object(CodeIgniter\Database\Exceptions\DatabaseException))
#5 {main}
  thrown
#0 [internal function]: CodeIgniter\Debug\Exceptions->shutdownHandler()
#1 {main}
CRITICAL - 2020-10-03 23:45:15 --> Unable to connect to the database.
#0 /var/www/html/wwo/system/Database/BaseConnection.php(646): CodeIgniter\Database\BaseConnection->initialize()
#1 /var/www/html/wwo/system/Database/BaseBuilder.php(1860): CodeIgniter\Database\BaseConnection->query('SELECT *\nFROM `...', Array, false)
#2 /var/www/html/wwo/system/Model.php(462): CodeIgniter\Database\BaseBuilder->get()
#3 /var/www/html/wwo/app/Controllers/Administator.php(21): CodeIgniter\Model->findAll()
#4 /var/www/html/wwo/system/CodeIgniter.php(918): App\Controllers\Administator->user()
#5 /var/www/html/wwo/system/CodeIgniter.php(404): CodeIgniter\CodeIgniter->runController(Object(App\Controllers\Administator))
#6 /var/www/html/wwo/system/CodeIgniter.php(312): CodeIgniter\CodeIgniter->handleRequest(NULL, Object(Config\Cache), false)
#7 /var/www/html/wwo/public/index.php(45): CodeIgniter\CodeIgniter->run()
#8 /var/www/html/wwo/system/Commands/Server/rewrite.php(34): require_once('/var/www/html/w...')
#9 {main}
CRITICAL - 2020-10-03 23:45:15 --> Uncaught ErrorException: print_r(): Property access is not allowed yet in /var/www/html/wwo/app/Views/errors/html/error_exception.php:100
Stack trace:
#0 [internal function]: CodeIgniter\Debug\Exceptions->errorHandler(2, 'print_r(): Prop...', '/var/www/html/w...', 100, Array)
#1 /var/www/html/wwo/app/Views/errors/html/error_exception.php(100): print_r(Object(App\Controllers\Administator), true)
#2 /var/www/html/wwo/system/Debug/Exceptions.php(308): include('/var/www/html/w...')
#3 /var/www/html/wwo/system/Debug/Exceptions.php(174): CodeIgniter\Debug\Exceptions->render(Object(CodeIgniter\Database\Exceptions\DatabaseException), 500)
#4 [internal function]: CodeIgniter\Debug\Exceptions->exceptionHandler(Object(CodeIgniter\Database\Exceptions\DatabaseException))
#5 {main}
  thrown
#0 [internal function]: CodeIgniter\Debug\Exceptions->shutdownHandler()
#1 {main}
CRITICAL - 2020-10-03 23:45:15 --> Unable to connect to the database.
#0 /var/www/html/wwo/system/Database/BaseConnection.php(646): CodeIgniter\Database\BaseConnection->initialize()
#1 /var/www/html/wwo/system/Database/BaseBuilder.php(1860): CodeIgniter\Database\BaseConnection->query('SELECT *\nFROM `...', Array, false)
#2 /var/www/html/wwo/system/Model.php(462): CodeIgniter\Database\BaseBuilder->get()
#3 /var/www/html/wwo/app/Controllers/Administator.php(21): CodeIgniter\Model->findAll()
#4 /var/www/html/wwo/system/CodeIgniter.php(918): App\Controllers\Administator->user()
#5 /var/www/html/wwo/system/CodeIgniter.php(404): CodeIgniter\CodeIgniter->runController(Object(App\Controllers\Administator))
#6 /var/www/html/wwo/system/CodeIgniter.php(312): CodeIgniter\CodeIgniter->handleRequest(NULL, Object(Config\Cache), false)
#7 /var/www/html/wwo/public/index.php(45): CodeIgniter\CodeIgniter->run()
#8 /var/www/html/wwo/system/Commands/Server/rewrite.php(34): require_once('/var/www/html/w...')
#9 {main}
CRITICAL - 2020-10-03 23:45:15 --> Uncaught ErrorException: print_r(): Property access is not allowed yet in /var/www/html/wwo/app/Views/errors/html/error_exception.php:100
Stack trace:
#0 [internal function]: CodeIgniter\Debug\Exceptions->errorHandler(2, 'print_r(): Prop...', '/var/www/html/w...', 100, Array)
#1 /var/www/html/wwo/app/Views/errors/html/error_exception.php(100): print_r(Object(App\Controllers\Administator), true)
#2 /var/www/html/wwo/system/Debug/Exceptions.php(308): include('/var/www/html/w...')
#3 /var/www/html/wwo/system/Debug/Exceptions.php(174): CodeIgniter\Debug\Exceptions->render(Object(CodeIgniter\Database\Exceptions\DatabaseException), 500)
#4 [internal function]: CodeIgniter\Debug\Exceptions->exceptionHandler(Object(CodeIgniter\Database\Exceptions\DatabaseException))
#5 {main}
  thrown
#0 [internal function]: CodeIgniter\Debug\Exceptions->shutdownHandler()
#1 {main}
CRITICAL - 2020-10-03 23:47:29 --> Unable to connect to the database.
#0 /var/www/html/wwo/system/Database/BaseConnection.php(646): CodeIgniter\Database\BaseConnection->initialize()
#1 /var/www/html/wwo/system/Database/BaseBuilder.php(1860): CodeIgniter\Database\BaseConnection->query('SELECT *\nFROM `...', Array, false)
#2 /var/www/html/wwo/system/Model.php(462): CodeIgniter\Database\BaseBuilder->get()
#3 /var/www/html/wwo/app/Controllers/Administator.php(21): CodeIgniter\Model->findAll()
#4 /var/www/html/wwo/system/CodeIgniter.php(918): App\Controllers\Administator->user()
#5 /var/www/html/wwo/system/CodeIgniter.php(404): CodeIgniter\CodeIgniter->runController(Object(App\Controllers\Administator))
#6 /var/www/html/wwo/system/CodeIgniter.php(312): CodeIgniter\CodeIgniter->handleRequest(NULL, Object(Config\Cache), false)
#7 /var/www/html/wwo/public/index.php(45): CodeIgniter\CodeIgniter->run()
#8 /var/www/html/wwo/system/Commands/Server/rewrite.php(34): require_once('/var/www/html/w...')
#9 {main}
CRITICAL - 2020-10-03 23:47:29 --> Uncaught ErrorException: print_r(): Property access is not allowed yet in /var/www/html/wwo/app/Views/errors/html/error_exception.php:100
Stack trace:
#0 [internal function]: CodeIgniter\Debug\Exceptions->errorHandler(2, 'print_r(): Prop...', '/var/www/html/w...', 100, Array)
#1 /var/www/html/wwo/app/Views/errors/html/error_exception.php(100): print_r(Object(App\Controllers\Administator), true)
#2 /var/www/html/wwo/system/Debug/Exceptions.php(308): include('/var/www/html/w...')
#3 /var/www/html/wwo/system/Debug/Exceptions.php(174): CodeIgniter\Debug\Exceptions->render(Object(CodeIgniter\Database\Exceptions\DatabaseException), 500)
#4 [internal function]: CodeIgniter\Debug\Exceptions->exceptionHandler(Object(CodeIgniter\Database\Exceptions\DatabaseException))
#5 {main}
  thrown
#0 [internal function]: CodeIgniter\Debug\Exceptions->shutdownHandler()
#1 {main}
CRITICAL - 2020-10-03 23:47:36 --> Unable to connect to the database.
#0 /var/www/html/wwo/system/Database/BaseConnection.php(646): CodeIgniter\Database\BaseConnection->initialize()
#1 /var/www/html/wwo/system/Database/BaseBuilder.php(1860): CodeIgniter\Database\BaseConnection->query('SELECT *\nFROM `...', Array, false)
#2 /var/www/html/wwo/system/Model.php(462): CodeIgniter\Database\BaseBuilder->get()
#3 /var/www/html/wwo/app/Controllers/Administator.php(21): CodeIgniter\Model->findAll()
#4 /var/www/html/wwo/system/CodeIgniter.php(918): App\Controllers\Administator->user()
#5 /var/www/html/wwo/system/CodeIgniter.php(404): CodeIgniter\CodeIgniter->runController(Object(App\Controllers\Administator))
#6 /var/www/html/wwo/system/CodeIgniter.php(312): CodeIgniter\CodeIgniter->handleRequest(NULL, Object(Config\Cache), false)
#7 /var/www/html/wwo/public/index.php(45): CodeIgniter\CodeIgniter->run()
#8 /var/www/html/wwo/system/Commands/Server/rewrite.php(34): require_once('/var/www/html/w...')
#9 {main}
CRITICAL - 2020-10-03 23:47:36 --> Uncaught ErrorException: print_r(): Property access is not allowed yet in /var/www/html/wwo/app/Views/errors/html/error_exception.php:100
Stack trace:
#0 [internal function]: CodeIgniter\Debug\Exceptions->errorHandler(2, 'print_r(): Prop...', '/var/www/html/w...', 100, Array)
#1 /var/www/html/wwo/app/Views/errors/html/error_exception.php(100): print_r(Object(App\Controllers\Administator), true)
#2 /var/www/html/wwo/system/Debug/Exceptions.php(308): include('/var/www/html/w...')
#3 /var/www/html/wwo/system/Debug/Exceptions.php(174): CodeIgniter\Debug\Exceptions->render(Object(CodeIgniter\Database\Exceptions\DatabaseException), 500)
#4 [internal function]: CodeIgniter\Debug\Exceptions->exceptionHandler(Object(CodeIgniter\Database\Exceptions\DatabaseException))
#5 {main}
  thrown
#0 [internal function]: CodeIgniter\Debug\Exceptions->shutdownHandler()
#1 {main}
CRITICAL - 2020-10-03 23:55:14 --> syntax error, unexpected 'echo' (T_ECHO), expecting ';'
#0 /var/www/html/wwo/system/Autoloader/Autoloader.php(296): CodeIgniter\Autoloader\Autoloader->requireFile('/var/www/html/w...')
#1 /var/www/html/wwo/system/Autoloader/Autoloader.php(258): CodeIgniter\Autoloader\Autoloader->loadInNamespace('App\\Controllers...')
#2 [internal function]: CodeIgniter\Autoloader\Autoloader->loadClass('App\\Controllers...')
#3 [internal function]: spl_autoload_call('App\\Controllers...')
#4 /var/www/html/wwo/system/CodeIgniter.php(869): class_exists('\\App\\Controller...', true)
#5 /var/www/html/wwo/system/CodeIgniter.php(394): CodeIgniter\CodeIgniter->startController()
#6 /var/www/html/wwo/system/CodeIgniter.php(312): CodeIgniter\CodeIgniter->handleRequest(NULL, Object(Config\Cache), false)
#7 /var/www/html/wwo/public/index.php(45): CodeIgniter\CodeIgniter->run()
#8 /var/www/html/wwo/system/Commands/Server/rewrite.php(34): require_once('/var/www/html/w...')
#9 {main}
CRITICAL - 2020-10-03 23:55:40 --> syntax error, unexpected 'echo' (T_ECHO), expecting ';'
#0 /var/www/html/wwo/system/Autoloader/Autoloader.php(296): CodeIgniter\Autoloader\Autoloader->requireFile('/var/www/html/w...')
#1 /var/www/html/wwo/system/Autoloader/Autoloader.php(258): CodeIgniter\Autoloader\Autoloader->loadInNamespace('App\\Controllers...')
#2 [internal function]: CodeIgniter\Autoloader\Autoloader->loadClass('App\\Controllers...')
#3 [internal function]: spl_autoload_call('App\\Controllers...')
#4 /var/www/html/wwo/system/CodeIgniter.php(869): class_exists('\\App\\Controller...', true)
#5 /var/www/html/wwo/system/CodeIgniter.php(394): CodeIgniter\CodeIgniter->startController()
#6 /var/www/html/wwo/system/CodeIgniter.php(312): CodeIgniter\CodeIgniter->handleRequest(NULL, Object(Config\Cache), false)
#7 /var/www/html/wwo/public/index.php(45): CodeIgniter\CodeIgniter->run()
#8 /var/www/html/wwo/system/Commands/Server/rewrite.php(34): require_once('/var/www/html/w...')
#9 {main}
CRITICAL - 2020-10-03 23:55:48 --> syntax error, unexpected 'echo' (T_ECHO), expecting ';'
#0 /var/www/html/wwo/system/Autoloader/Autoloader.php(296): CodeIgniter\Autoloader\Autoloader->requireFile('/var/www/html/w...')
#1 /var/www/html/wwo/system/Autoloader/Autoloader.php(258): CodeIgniter\Autoloader\Autoloader->loadInNamespace('App\\Controllers...')
#2 [internal function]: CodeIgniter\Autoloader\Autoloader->loadClass('App\\Controllers...')
#3 [internal function]: spl_autoload_call('App\\Controllers...')
#4 /var/www/html/wwo/system/CodeIgniter.php(869): class_exists('\\App\\Controller...', true)
#5 /var/www/html/wwo/system/CodeIgniter.php(394): CodeIgniter\CodeIgniter->startController()
#6 /var/www/html/wwo/system/CodeIgniter.php(312): CodeIgniter\CodeIgniter->handleRequest(NULL, Object(Config\Cache), false)
#7 /var/www/html/wwo/public/index.php(45): CodeIgniter\CodeIgniter->run()
#8 /var/www/html/wwo/system/Commands/Server/rewrite.php(34): require_once('/var/www/html/w...')
#9 {main}
CRITICAL - 2020-10-03 23:56:17 --> syntax error, unexpected 'echo' (T_ECHO), expecting ';'
#0 /var/www/html/wwo/system/Autoloader/Autoloader.php(296): CodeIgniter\Autoloader\Autoloader->requireFile('/var/www/html/w...')
#1 /var/www/html/wwo/system/Autoloader/Autoloader.php(258): CodeIgniter\Autoloader\Autoloader->loadInNamespace('App\\Controllers...')
#2 [internal function]: CodeIgniter\Autoloader\Autoloader->loadClass('App\\Controllers...')
#3 [internal function]: spl_autoload_call('App\\Controllers...')
#4 /var/www/html/wwo/system/CodeIgniter.php(869): class_exists('\\App\\Controller...', true)
#5 /var/www/html/wwo/system/CodeIgniter.php(394): CodeIgniter\CodeIgniter->startController()
#6 /var/www/html/wwo/system/CodeIgniter.php(312): CodeIgniter\CodeIgniter->handleRequest(NULL, Object(Config\Cache), false)
#7 /var/www/html/wwo/public/index.php(45): CodeIgniter\CodeIgniter->run()
#8 /var/www/html/wwo/system/Commands/Server/rewrite.php(34): require_once('/var/www/html/w...')
#9 {main}
CRITICAL - 2020-10-03 23:58:09 --> Unable to connect to the database.
#0 /var/www/html/wwo/system/Database/BaseConnection.php(646): CodeIgniter\Database\BaseConnection->initialize()
#1 /var/www/html/wwo/system/Database/BaseBuilder.php(1860): CodeIgniter\Database\BaseConnection->query('SELECT *\nFROM `...', Array, false)
#2 /var/www/html/wwo/system/Model.php(462): CodeIgniter\Database\BaseBuilder->get()
#3 /var/www/html/wwo/app/Controllers/Administator.php(21): CodeIgniter\Model->findAll()
#4 /var/www/html/wwo/system/CodeIgniter.php(918): App\Controllers\Administator->user()
#5 /var/www/html/wwo/system/CodeIgniter.php(404): CodeIgniter\CodeIgniter->runController(Object(App\Controllers\Administator))
#6 /var/www/html/wwo/system/CodeIgniter.php(312): CodeIgniter\CodeIgniter->handleRequest(NULL, Object(Config\Cache), false)
#7 /var/www/html/wwo/public/index.php(45): CodeIgniter\CodeIgniter->run()
#8 /var/www/html/wwo/system/Commands/Server/rewrite.php(34): require_once('/var/www/html/w...')
#9 {main}
CRITICAL - 2020-10-03 23:58:09 --> Uncaught ErrorException: print_r(): Property access is not allowed yet in /var/www/html/wwo/app/Views/errors/html/error_exception.php:100
Stack trace:
#0 [internal function]: CodeIgniter\Debug\Exceptions->errorHandler(2, 'print_r(): Prop...', '/var/www/html/w...', 100, Array)
#1 /var/www/html/wwo/app/Views/errors/html/error_exception.php(100): print_r(Object(App\Controllers\Administator), true)
#2 /var/www/html/wwo/system/Debug/Exceptions.php(308): include('/var/www/html/w...')
#3 /var/www/html/wwo/system/Debug/Exceptions.php(174): CodeIgniter\Debug\Exceptions->render(Object(CodeIgniter\Database\Exceptions\DatabaseException), 500)
#4 [internal function]: CodeIgniter\Debug\Exceptions->exceptionHandler(Object(CodeIgniter\Database\Exceptions\DatabaseException))
#5 {main}
  thrown
#0 [internal function]: CodeIgniter\Debug\Exceptions->shutdownHandler()
#1 {main}
