CRITICAL - 2020-10-04 00:00:46 --> Deletes are not allowed unless they contain a "where" or "like" clause.
#0 /var/www/html/wwo/system/Model.php(977): CodeIgniter\Database\BaseBuilder->delete()
#1 /var/www/html/wwo/app/Controllers/Administator.php(59): CodeIgniter\Model->delete('0')
#2 /var/www/html/wwo/system/CodeIgniter.php(918): App\Controllers\Administator->delUser('0')
#3 /var/www/html/wwo/system/CodeIgniter.php(404): CodeIgniter\CodeIgniter->runController(Object(App\Controllers\Administator))
#4 /var/www/html/wwo/system/CodeIgniter.php(312): CodeIgniter\CodeIgniter->handleRequest(NULL, Object(Config\Cache), false)
#5 /var/www/html/wwo/public/index.php(45): CodeIgniter\CodeIgniter->run()
#6 /var/www/html/wwo/system/Commands/Server/rewrite.php(34): require_once('/var/www/html/w...')
#7 {main}
CRITICAL - 2020-10-04 00:11:58 --> Deletes are not allowed unless they contain a "where" or "like" clause.
#0 /var/www/html/wwo/system/Model.php(977): CodeIgniter\Database\BaseBuilder->delete()
#1 /var/www/html/wwo/app/Controllers/Administator.php(59): CodeIgniter\Model->delete('0')
#2 /var/www/html/wwo/system/CodeIgniter.php(918): App\Controllers\Administator->delUser('0')
#3 /var/www/html/wwo/system/CodeIgniter.php(404): CodeIgniter\CodeIgniter->runController(Object(App\Controllers\Administator))
#4 /var/www/html/wwo/system/CodeIgniter.php(312): CodeIgniter\CodeIgniter->handleRequest(NULL, Object(Config\Cache), false)
#5 /var/www/html/wwo/public/index.php(45): CodeIgniter\CodeIgniter->run()
#6 /var/www/html/wwo/system/Commands/Server/rewrite.php(34): require_once('/var/www/html/w...')
#7 {main}
CRITICAL - 2020-10-04 00:12:05 --> Unknown column 'id' in 'where clause'
#0 /var/www/html/wwo/system/Database/MySQLi/Connection.php(331): mysqli->query('DELETE FROM `t_...')
#1 /var/www/html/wwo/system/Database/BaseConnection.php(741): CodeIgniter\Database\MySQLi\Connection->execute('DELETE FROM `t_...')
#2 /var/www/html/wwo/system/Database/BaseConnection.php(669): CodeIgniter\Database\BaseConnection->simpleQuery('DELETE FROM `t_...')
#3 /var/www/html/wwo/system/Database/BaseBuilder.php(2853): CodeIgniter\Database\BaseConnection->query('DELETE FROM `t_...', Array, false)
#4 /var/www/html/wwo/system/Model.php(977): CodeIgniter\Database\BaseBuilder->delete()
#5 /var/www/html/wwo/app/Controllers/Administator.php(59): CodeIgniter\Model->delete(Array)
#6 /var/www/html/wwo/system/CodeIgniter.php(918): App\Controllers\Administator->delUser('6413684')
#7 /var/www/html/wwo/system/CodeIgniter.php(404): CodeIgniter\CodeIgniter->runController(Object(App\Controllers\Administator))
#8 /var/www/html/wwo/system/CodeIgniter.php(312): CodeIgniter\CodeIgniter->handleRequest(NULL, Object(Config\Cache), false)
#9 /var/www/html/wwo/public/index.php(45): CodeIgniter\CodeIgniter->run()
#10 /var/www/html/wwo/system/Commands/Server/rewrite.php(34): require_once('/var/www/html/w...')
#11 {main}
CRITICAL - 2020-10-04 00:12:15 --> Unknown column 'id' in 'where clause'
#0 /var/www/html/wwo/system/Database/MySQLi/Connection.php(331): mysqli->query('DELETE FROM `t_...')
#1 /var/www/html/wwo/system/Database/BaseConnection.php(741): CodeIgniter\Database\MySQLi\Connection->execute('DELETE FROM `t_...')
#2 /var/www/html/wwo/system/Database/BaseConnection.php(669): CodeIgniter\Database\BaseConnection->simpleQuery('DELETE FROM `t_...')
#3 /var/www/html/wwo/system/Database/BaseBuilder.php(2853): CodeIgniter\Database\BaseConnection->query('DELETE FROM `t_...', Array, false)
#4 /var/www/html/wwo/system/Model.php(977): CodeIgniter\Database\BaseBuilder->delete()
#5 /var/www/html/wwo/app/Controllers/Administator.php(59): CodeIgniter\Model->delete(Array)
#6 /var/www/html/wwo/system/CodeIgniter.php(918): App\Controllers\Administator->delUser('1')
#7 /var/www/html/wwo/system/CodeIgniter.php(404): CodeIgniter\CodeIgniter->runController(Object(App\Controllers\Administator))
#8 /var/www/html/wwo/system/CodeIgniter.php(312): CodeIgniter\CodeIgniter->handleRequest(NULL, Object(Config\Cache), false)
#9 /var/www/html/wwo/public/index.php(45): CodeIgniter\CodeIgniter->run()
#10 /var/www/html/wwo/system/Commands/Server/rewrite.php(34): require_once('/var/www/html/w...')
#11 {main}
CRITICAL - 2020-10-04 00:15:29 --> Deletes are not allowed unless they contain a "where" or "like" clause.
#0 /var/www/html/wwo/system/Model.php(977): CodeIgniter\Database\BaseBuilder->delete()
#1 /var/www/html/wwo/app/Controllers/Administator.php(59): CodeIgniter\Model->delete('0')
#2 /var/www/html/wwo/system/CodeIgniter.php(918): App\Controllers\Administator->delUser('0')
#3 /var/www/html/wwo/system/CodeIgniter.php(404): CodeIgniter\CodeIgniter->runController(Object(App\Controllers\Administator))
#4 /var/www/html/wwo/system/CodeIgniter.php(312): CodeIgniter\CodeIgniter->handleRequest(NULL, Object(Config\Cache), false)
#5 /var/www/html/wwo/public/index.php(45): CodeIgniter\CodeIgniter->run()
#6 /var/www/html/wwo/system/Commands/Server/rewrite.php(34): require_once('/var/www/html/w...')
#7 {main}
CRITICAL - 2020-10-04 00:30:06 --> Unknown column 'id' in 'where clause'
#0 /var/www/html/wwo/system/Database/MySQLi/Connection.php(331): mysqli->query('DELETE FROM `t_...')
#1 /var/www/html/wwo/system/Database/BaseConnection.php(741): CodeIgniter\Database\MySQLi\Connection->execute('DELETE FROM `t_...')
#2 /var/www/html/wwo/system/Database/BaseConnection.php(669): CodeIgniter\Database\BaseConnection->simpleQuery('DELETE FROM `t_...')
#3 /var/www/html/wwo/system/Database/BaseBuilder.php(2853): CodeIgniter\Database\BaseConnection->query('DELETE FROM `t_...', Array, false)
#4 /var/www/html/wwo/system/Model.php(977): CodeIgniter\Database\BaseBuilder->delete()
#5 /var/www/html/wwo/app/Controllers/Administator.php(59): CodeIgniter\Model->delete(Array)
#6 /var/www/html/wwo/system/CodeIgniter.php(918): App\Controllers\Administator->delUser('1601531569')
#7 /var/www/html/wwo/system/CodeIgniter.php(404): CodeIgniter\CodeIgniter->runController(Object(App\Controllers\Administator))
#8 /var/www/html/wwo/system/CodeIgniter.php(312): CodeIgniter\CodeIgniter->handleRequest(NULL, Object(Config\Cache), false)
#9 /var/www/html/wwo/public/index.php(45): CodeIgniter\CodeIgniter->run()
#10 /var/www/html/wwo/system/Commands/Server/rewrite.php(34): require_once('/var/www/html/w...')
#11 {main}
CRITICAL - 2020-10-04 00:30:18 --> Unknown column 'id' in 'where clause'
#0 /var/www/html/wwo/system/Database/MySQLi/Connection.php(331): mysqli->query('DELETE FROM `t_...')
#1 /var/www/html/wwo/system/Database/BaseConnection.php(741): CodeIgniter\Database\MySQLi\Connection->execute('DELETE FROM `t_...')
#2 /var/www/html/wwo/system/Database/BaseConnection.php(669): CodeIgniter\Database\BaseConnection->simpleQuery('DELETE FROM `t_...')
#3 /var/www/html/wwo/system/Database/BaseBuilder.php(2853): CodeIgniter\Database\BaseConnection->query('DELETE FROM `t_...', Array, false)
#4 /var/www/html/wwo/system/Model.php(977): CodeIgniter\Database\BaseBuilder->delete()
#5 /var/www/html/wwo/app/Controllers/Administator.php(59): CodeIgniter\Model->delete(Array)
#6 /var/www/html/wwo/system/CodeIgniter.php(918): App\Controllers\Administator->delUser('1601531569')
#7 /var/www/html/wwo/system/CodeIgniter.php(404): CodeIgniter\CodeIgniter->runController(Object(App\Controllers\Administator))
#8 /var/www/html/wwo/system/CodeIgniter.php(312): CodeIgniter\CodeIgniter->handleRequest(NULL, Object(Config\Cache), false)
#9 /var/www/html/wwo/public/index.php(45): CodeIgniter\CodeIgniter->run()
#10 /var/www/html/wwo/system/Commands/Server/rewrite.php(34): require_once('/var/www/html/w...')
#11 {main}
CRITICAL - 2020-10-04 00:30:30 --> Unknown column 'id' in 'where clause'
#0 /var/www/html/wwo/system/Database/MySQLi/Connection.php(331): mysqli->query('DELETE FROM `t_...')
#1 /var/www/html/wwo/system/Database/BaseConnection.php(741): CodeIgniter\Database\MySQLi\Connection->execute('DELETE FROM `t_...')
#2 /var/www/html/wwo/system/Database/BaseConnection.php(669): CodeIgniter\Database\BaseConnection->simpleQuery('DELETE FROM `t_...')
#3 /var/www/html/wwo/system/Database/BaseBuilder.php(2853): CodeIgniter\Database\BaseConnection->query('DELETE FROM `t_...', Array, false)
#4 /var/www/html/wwo/system/Model.php(977): CodeIgniter\Database\BaseBuilder->delete()
#5 /var/www/html/wwo/app/Controllers/Administator.php(59): CodeIgniter\Model->delete(Array)
#6 /var/www/html/wwo/system/CodeIgniter.php(918): App\Controllers\Administator->delUser('6413684')
#7 /var/www/html/wwo/system/CodeIgniter.php(404): CodeIgniter\CodeIgniter->runController(Object(App\Controllers\Administator))
#8 /var/www/html/wwo/system/CodeIgniter.php(312): CodeIgniter\CodeIgniter->handleRequest(NULL, Object(Config\Cache), false)
#9 /var/www/html/wwo/public/index.php(45): CodeIgniter\CodeIgniter->run()
#10 /var/www/html/wwo/system/Commands/Server/rewrite.php(34): require_once('/var/www/html/w...')
#11 {main}
CRITICAL - 2020-10-04 00:31:49 --> Unknown column 'id' in 'where clause'
#0 /var/www/html/wwo/system/Database/MySQLi/Connection.php(331): mysqli->query('DELETE FROM `t_...')
#1 /var/www/html/wwo/system/Database/BaseConnection.php(741): CodeIgniter\Database\MySQLi\Connection->execute('DELETE FROM `t_...')
#2 /var/www/html/wwo/system/Database/BaseConnection.php(669): CodeIgniter\Database\BaseConnection->simpleQuery('DELETE FROM `t_...')
#3 /var/www/html/wwo/system/Database/BaseBuilder.php(2853): CodeIgniter\Database\BaseConnection->query('DELETE FROM `t_...', Array, false)
#4 /var/www/html/wwo/system/Model.php(977): CodeIgniter\Database\BaseBuilder->delete()
#5 /var/www/html/wwo/app/Controllers/Administator.php(59): CodeIgniter\Model->delete(Array)
#6 /var/www/html/wwo/system/CodeIgniter.php(918): App\Controllers\Administator->delUser('6413684')
#7 /var/www/html/wwo/system/CodeIgniter.php(404): CodeIgniter\CodeIgniter->runController(Object(App\Controllers\Administator))
#8 /var/www/html/wwo/system/CodeIgniter.php(312): CodeIgniter\CodeIgniter->handleRequest(NULL, Object(Config\Cache), false)
#9 /var/www/html/wwo/public/index.php(45): CodeIgniter\CodeIgniter->run()
#10 /var/www/html/wwo/system/Commands/Server/rewrite.php(34): require_once('/var/www/html/w...')
#11 {main}
CRITICAL - 2020-10-04 00:32:48 --> Deletes are not allowed unless they contain a "where" or "like" clause.
#0 /var/www/html/wwo/system/Model.php(977): CodeIgniter\Database\BaseBuilder->delete()
#1 /var/www/html/wwo/app/Controllers/Administator.php(59): CodeIgniter\Model->delete('0')
#2 /var/www/html/wwo/system/CodeIgniter.php(918): App\Controllers\Administator->delUser('0')
#3 /var/www/html/wwo/system/CodeIgniter.php(404): CodeIgniter\CodeIgniter->runController(Object(App\Controllers\Administator))
#4 /var/www/html/wwo/system/CodeIgniter.php(312): CodeIgniter\CodeIgniter->handleRequest(NULL, Object(Config\Cache), false)
#5 /var/www/html/wwo/public/index.php(45): CodeIgniter\CodeIgniter->run()
#6 /var/www/html/wwo/system/Commands/Server/rewrite.php(34): require_once('/var/www/html/w...')
#7 {main}
CRITICAL - 2020-10-04 00:33:13 --> Deletes are not allowed unless they contain a "where" or "like" clause.
#0 /var/www/html/wwo/system/Model.php(977): CodeIgniter\Database\BaseBuilder->delete()
#1 /var/www/html/wwo/app/Controllers/Administator.php(59): CodeIgniter\Model->delete('0')
#2 /var/www/html/wwo/system/CodeIgniter.php(918): App\Controllers\Administator->delUser('0')
#3 /var/www/html/wwo/system/CodeIgniter.php(404): CodeIgniter\CodeIgniter->runController(Object(App\Controllers\Administator))
#4 /var/www/html/wwo/system/CodeIgniter.php(312): CodeIgniter\CodeIgniter->handleRequest(NULL, Object(Config\Cache), false)
#5 /var/www/html/wwo/public/index.php(45): CodeIgniter\CodeIgniter->run()
#6 /var/www/html/wwo/system/Commands/Server/rewrite.php(34): require_once('/var/www/html/w...')
#7 {main}
CRITICAL - 2020-10-04 00:39:47 --> Too few arguments to function CodeIgniter\Model::save(), 0 passed in /var/www/html/wwo/app/Controllers/Administator.php on line 55 and exactly 1 expected
#0 /var/www/html/wwo/app/Controllers/Administator.php(55): CodeIgniter\Model->save()
#1 /var/www/html/wwo/system/CodeIgniter.php(918): App\Controllers\Administator->saveUser()
#2 /var/www/html/wwo/system/CodeIgniter.php(404): CodeIgniter\CodeIgniter->runController(Object(App\Controllers\Administator))
#3 /var/www/html/wwo/system/CodeIgniter.php(312): CodeIgniter\CodeIgniter->handleRequest(NULL, Object(Config\Cache), false)
#4 /var/www/html/wwo/public/index.php(45): CodeIgniter\CodeIgniter->run()
#5 /var/www/html/wwo/system/Commands/Server/rewrite.php(34): require_once('/var/www/html/w...')
#6 {main}
CRITICAL - 2020-10-04 00:40:57 --> Too few arguments to function CodeIgniter\Model::save(), 0 passed in /var/www/html/wwo/app/Controllers/Administator.php on line 55 and exactly 1 expected
#0 /var/www/html/wwo/app/Controllers/Administator.php(55): CodeIgniter\Model->save()
#1 /var/www/html/wwo/system/CodeIgniter.php(918): App\Controllers\Administator->saveUser()
#2 /var/www/html/wwo/system/CodeIgniter.php(404): CodeIgniter\CodeIgniter->runController(Object(App\Controllers\Administator))
#3 /var/www/html/wwo/system/CodeIgniter.php(312): CodeIgniter\CodeIgniter->handleRequest(NULL, Object(Config\Cache), false)
#4 /var/www/html/wwo/public/index.php(45): CodeIgniter\CodeIgniter->run()
#5 /var/www/html/wwo/system/Commands/Server/rewrite.php(34): require_once('/var/www/html/w...')
#6 {main}
CRITICAL - 2020-10-04 00:41:18 --> Too few arguments to function CodeIgniter\Model::save(), 0 passed in /var/www/html/wwo/app/Controllers/Administator.php on line 55 and exactly 1 expected
#0 /var/www/html/wwo/app/Controllers/Administator.php(55): CodeIgniter\Model->save()
#1 /var/www/html/wwo/system/CodeIgniter.php(918): App\Controllers\Administator->saveUser()
#2 /var/www/html/wwo/system/CodeIgniter.php(404): CodeIgniter\CodeIgniter->runController(Object(App\Controllers\Administator))
#3 /var/www/html/wwo/system/CodeIgniter.php(312): CodeIgniter\CodeIgniter->handleRequest(NULL, Object(Config\Cache), false)
#4 /var/www/html/wwo/public/index.php(45): CodeIgniter\CodeIgniter->run()
#5 /var/www/html/wwo/system/Commands/Server/rewrite.php(34): require_once('/var/www/html/w...')
#6 {main}
CRITICAL - 2020-10-04 00:42:35 --> Too few arguments to function CodeIgniter\Model::save(), 0 passed in /var/www/html/wwo/app/Controllers/Administator.php on line 55 and exactly 1 expected
#0 /var/www/html/wwo/app/Controllers/Administator.php(55): CodeIgniter\Model->save()
#1 /var/www/html/wwo/system/CodeIgniter.php(918): App\Controllers\Administator->saveUser()
#2 /var/www/html/wwo/system/CodeIgniter.php(404): CodeIgniter\CodeIgniter->runController(Object(App\Controllers\Administator))
#3 /var/www/html/wwo/system/CodeIgniter.php(312): CodeIgniter\CodeIgniter->handleRequest(NULL, Object(Config\Cache), false)
#4 /var/www/html/wwo/public/index.php(45): CodeIgniter\CodeIgniter->run()
#5 /var/www/html/wwo/system/Commands/Server/rewrite.php(34): require_once('/var/www/html/w...')
#6 {main}
CRITICAL - 2020-10-04 00:43:01 --> Too few arguments to function CodeIgniter\Model::save(), 0 passed in /var/www/html/wwo/app/Controllers/Administator.php on line 55 and exactly 1 expected
#0 /var/www/html/wwo/app/Controllers/Administator.php(55): CodeIgniter\Model->save()
#1 /var/www/html/wwo/system/CodeIgniter.php(918): App\Controllers\Administator->saveUser()
#2 /var/www/html/wwo/system/CodeIgniter.php(404): CodeIgniter\CodeIgniter->runController(Object(App\Controllers\Administator))
#3 /var/www/html/wwo/system/CodeIgniter.php(312): CodeIgniter\CodeIgniter->handleRequest(NULL, Object(Config\Cache), false)
#4 /var/www/html/wwo/public/index.php(45): CodeIgniter\CodeIgniter->run()
#5 /var/www/html/wwo/system/Commands/Server/rewrite.php(34): require_once('/var/www/html/w...')
#6 {main}
CRITICAL - 2020-10-04 00:44:31 --> Too few arguments to function CodeIgniter\Model::save(), 0 passed in /var/www/html/wwo/app/Controllers/Administator.php on line 55 and exactly 1 expected
#0 /var/www/html/wwo/app/Controllers/Administator.php(55): CodeIgniter\Model->save()
#1 /var/www/html/wwo/system/CodeIgniter.php(918): App\Controllers\Administator->saveUser()
#2 /var/www/html/wwo/system/CodeIgniter.php(404): CodeIgniter\CodeIgniter->runController(Object(App\Controllers\Administator))
#3 /var/www/html/wwo/system/CodeIgniter.php(312): CodeIgniter\CodeIgniter->handleRequest(NULL, Object(Config\Cache), false)
#4 /var/www/html/wwo/public/index.php(45): CodeIgniter\CodeIgniter->run()
#5 /var/www/html/wwo/system/Commands/Server/rewrite.php(34): require_once('/var/www/html/w...')
#6 {main}
CRITICAL - 2020-10-04 00:46:48 --> Too few arguments to function CodeIgniter\Model::save(), 0 passed in /var/www/html/wwo/app/Controllers/Administator.php on line 55 and exactly 1 expected
#0 /var/www/html/wwo/app/Controllers/Administator.php(55): CodeIgniter\Model->save()
#1 /var/www/html/wwo/system/CodeIgniter.php(918): App\Controllers\Administator->saveUser()
#2 /var/www/html/wwo/system/CodeIgniter.php(404): CodeIgniter\CodeIgniter->runController(Object(App\Controllers\Administator))
#3 /var/www/html/wwo/system/CodeIgniter.php(312): CodeIgniter\CodeIgniter->handleRequest(NULL, Object(Config\Cache), false)
#4 /var/www/html/wwo/public/index.php(45): CodeIgniter\CodeIgniter->run()
#5 /var/www/html/wwo/system/Commands/Server/rewrite.php(34): require_once('/var/www/html/w...')
#6 {main}
CRITICAL - 2020-10-04 00:46:55 --> Too few arguments to function CodeIgniter\Model::save(), 0 passed in /var/www/html/wwo/app/Controllers/Administator.php on line 55 and exactly 1 expected
#0 /var/www/html/wwo/app/Controllers/Administator.php(55): CodeIgniter\Model->save()
#1 /var/www/html/wwo/system/CodeIgniter.php(918): App\Controllers\Administator->saveUser()
#2 /var/www/html/wwo/system/CodeIgniter.php(404): CodeIgniter\CodeIgniter->runController(Object(App\Controllers\Administator))
#3 /var/www/html/wwo/system/CodeIgniter.php(312): CodeIgniter\CodeIgniter->handleRequest(NULL, Object(Config\Cache), false)
#4 /var/www/html/wwo/public/index.php(45): CodeIgniter\CodeIgniter->run()
#5 /var/www/html/wwo/system/Commands/Server/rewrite.php(34): require_once('/var/www/html/w...')
#6 {main}
CRITICAL - 2020-10-04 00:47:22 --> Too few arguments to function CodeIgniter\Model::save(), 0 passed in /var/www/html/wwo/app/Controllers/Administator.php on line 55 and exactly 1 expected
#0 /var/www/html/wwo/app/Controllers/Administator.php(55): CodeIgniter\Model->save()
#1 /var/www/html/wwo/system/CodeIgniter.php(918): App\Controllers\Administator->saveUser()
#2 /var/www/html/wwo/system/CodeIgniter.php(404): CodeIgniter\CodeIgniter->runController(Object(App\Controllers\Administator))
#3 /var/www/html/wwo/system/CodeIgniter.php(312): CodeIgniter\CodeIgniter->handleRequest(NULL, Object(Config\Cache), false)
#4 /var/www/html/wwo/public/index.php(45): CodeIgniter\CodeIgniter->run()
#5 /var/www/html/wwo/system/Commands/Server/rewrite.php(34): require_once('/var/www/html/w...')
#6 {main}
CRITICAL - 2020-10-04 00:47:32 --> Too few arguments to function CodeIgniter\Model::save(), 0 passed in /var/www/html/wwo/app/Controllers/Administator.php on line 55 and exactly 1 expected
#0 /var/www/html/wwo/app/Controllers/Administator.php(55): CodeIgniter\Model->save()
#1 /var/www/html/wwo/system/CodeIgniter.php(918): App\Controllers\Administator->saveUser()
#2 /var/www/html/wwo/system/CodeIgniter.php(404): CodeIgniter\CodeIgniter->runController(Object(App\Controllers\Administator))
#3 /var/www/html/wwo/system/CodeIgniter.php(312): CodeIgniter\CodeIgniter->handleRequest(NULL, Object(Config\Cache), false)
#4 /var/www/html/wwo/public/index.php(45): CodeIgniter\CodeIgniter->run()
#5 /var/www/html/wwo/system/Commands/Server/rewrite.php(34): require_once('/var/www/html/w...')
#6 {main}
CRITICAL - 2020-10-04 00:51:41 --> Too few arguments to function CodeIgniter\Model::save(), 0 passed in /var/www/html/wwo/app/Controllers/Administator.php on line 55 and exactly 1 expected
#0 /var/www/html/wwo/app/Controllers/Administator.php(55): CodeIgniter\Model->save()
#1 /var/www/html/wwo/system/CodeIgniter.php(918): App\Controllers\Administator->saveUser()
#2 /var/www/html/wwo/system/CodeIgniter.php(404): CodeIgniter\CodeIgniter->runController(Object(App\Controllers\Administator))
#3 /var/www/html/wwo/system/CodeIgniter.php(312): CodeIgniter\CodeIgniter->handleRequest(NULL, Object(Config\Cache), false)
#4 /var/www/html/wwo/public/index.php(45): CodeIgniter\CodeIgniter->run()
#5 /var/www/html/wwo/system/Commands/Server/rewrite.php(34): require_once('/var/www/html/w...')
#6 {main}
